{"C:\\Users\\akash\\desktop\\studentManagementSystem\\frontendwithtailwind\\StudentManagement\\src\\context\\AuthContext.tsx": {"path":"C:\\Users\\akash\\desktop\\studentManagementSystem\\frontendwithtailwind\\StudentManagement\\src\\context\\AuthContext.tsx","statementMap":{"0":{"start":{"line":20,"column":6},"end":{"line":20,"column":null}},"1":{"start":{"line":22,"column":63},"end":{"line":67,"column":null}},"2":{"start":{"line":23,"column":22},"end":{"line":23,"column":null}},"3":{"start":{"line":24,"column":28},"end":{"line":24,"column":null}},"4":{"start":{"line":26,"column":2},"end":{"line":44,"column":null}},"5":{"start":{"line":27,"column":21},"end":{"line":41,"column":null}},"6":{"start":{"line":28,"column":25},"end":{"line":28,"column":null}},"7":{"start":{"line":29,"column":20},"end":{"line":29,"column":null}},"8":{"start":{"line":31,"column":6},"end":{"line":39,"column":null}},"9":{"start":{"line":32,"column":8},"end":{"line":38,"column":null}},"10":{"start":{"line":33,"column":10},"end":{"line":33,"column":null}},"11":{"start":{"line":35,"column":10},"end":{"line":35,"column":null}},"12":{"start":{"line":36,"column":10},"end":{"line":36,"column":null}},"13":{"start":{"line":37,"column":10},"end":{"line":37,"column":null}},"14":{"start":{"line":40,"column":6},"end":{"line":40,"column":null}},"15":{"start":{"line":43,"column":4},"end":{"line":43,"column":null}},"16":{"start":{"line":46,"column":16},"end":{"line":50,"column":null}},"17":{"start":{"line":47,"column":4},"end":{"line":47,"column":null}},"18":{"start":{"line":48,"column":4},"end":{"line":48,"column":null}},"19":{"start":{"line":49,"column":4},"end":{"line":49,"column":null}},"20":{"start":{"line":52,"column":17},"end":{"line":56,"column":null}},"21":{"start":{"line":53,"column":4},"end":{"line":53,"column":null}},"22":{"start":{"line":54,"column":4},"end":{"line":54,"column":null}},"23":{"start":{"line":55,"column":4},"end":{"line":55,"column":null}},"24":{"start":{"line":58,"column":33},"end":{"line":64,"column":null}},"25":{"start":{"line":66,"column":2},"end":{"line":66,"column":null}},"26":{"start":{"line":69,"column":23},"end":{"line":73,"column":null}},"27":{"start":{"line":70,"column":8},"end":{"line":70,"column":null}},"28":{"start":{"line":71,"column":2},"end":{"line":71,"column":null}},"29":{"start":{"line":71,"column":16},"end":{"line":71,"column":null}},"30":{"start":{"line":72,"column":2},"end":{"line":72,"column":null}}},"fnMap":{"0":{"name":"(anonymous_0)","decl":{"start":{"line":22,"column":63},"end":{"line":22,"column":64}},"loc":{"start":{"line":22,"column":81},"end":{"line":67,"column":null}},"line":22},"1":{"name":"(anonymous_1)","decl":{"start":{"line":26,"column":12},"end":{"line":26,"column":18}},"loc":{"start":{"line":26,"column":18},"end":{"line":44,"column":5}},"line":26},"2":{"name":"(anonymous_2)","decl":{"start":{"line":27,"column":21},"end":{"line":27,"column":27}},"loc":{"start":{"line":27,"column":27},"end":{"line":41,"column":null}},"line":27},"3":{"name":"(anonymous_3)","decl":{"start":{"line":46,"column":16},"end":{"line":46,"column":17}},"loc":{"start":{"line":46,"column":51},"end":{"line":50,"column":null}},"line":46},"4":{"name":"(anonymous_4)","decl":{"start":{"line":52,"column":17},"end":{"line":52,"column":23}},"loc":{"start":{"line":52,"column":23},"end":{"line":56,"column":null}},"line":52},"5":{"name":"(anonymous_5)","decl":{"start":{"line":69,"column":23},"end":{"line":69,"column":29}},"loc":{"start":{"line":69,"column":29},"end":{"line":73,"column":null}},"line":69}},"branchMap":{"0":{"loc":{"start":{"line":31,"column":6},"end":{"line":39,"column":null}},"type":"if","locations":[{"start":{"line":31,"column":6},"end":{"line":39,"column":null}},{"start":{},"end":{}}],"line":31},"1":{"loc":{"start":{"line":31,"column":10},"end":{"line":31,"column":31}},"type":"binary-expr","locations":[{"start":{"line":31,"column":10},"end":{"line":31,"column":24}},{"start":{"line":31,"column":24},"end":{"line":31,"column":31}}],"line":31},"2":{"loc":{"start":{"line":71,"column":2},"end":{"line":71,"column":null}},"type":"if","locations":[{"start":{"line":71,"column":2},"end":{"line":71,"column":null}},{"start":{},"end":{}}],"line":71}},"s":{"0":1,"1":1,"2":9,"3":9,"4":9,"5":3,"6":3,"7":3,"8":3,"9":0,"10":0,"11":0,"12":0,"13":0,"14":3,"15":3,"16":9,"17":2,"18":2,"19":2,"20":9,"21":1,"22":1,"23":1,"24":9,"25":9,"26":1,"27":9,"28":9,"29":0,"30":9},"f":{"0":9,"1":3,"2":3,"3":2,"4":1,"5":9},"b":{"0":[0,3],"1":[3,0],"2":[0,9]},"meta":{"lastBranch":3,"lastFunction":6,"lastStatement":31,"seen":{"s:20:6:20:Infinity":0,"s:22:63:67:Infinity":1,"f:22:63:22:64":0,"s:23:22:23:Infinity":2,"s:24:28:24:Infinity":3,"s:26:2:44:Infinity":4,"f:26:12:26:18":1,"s:27:21:41:Infinity":5,"f:27:21:27:27":2,"s:28:25:28:Infinity":6,"s:29:20:29:Infinity":7,"b:31:6:39:Infinity:undefined:undefined:undefined:undefined":0,"s:31:6:39:Infinity":8,"b:31:10:31:24:31:24:31:31":1,"s:32:8:38:Infinity":9,"s:33:10:33:Infinity":10,"s:35:10:35:Infinity":11,"s:36:10:36:Infinity":12,"s:37:10:37:Infinity":13,"s:40:6:40:Infinity":14,"s:43:4:43:Infinity":15,"s:46:16:50:Infinity":16,"f:46:16:46:17":3,"s:47:4:47:Infinity":17,"s:48:4:48:Infinity":18,"s:49:4:49:Infinity":19,"s:52:17:56:Infinity":20,"f:52:17:52:23":4,"s:53:4:53:Infinity":21,"s:54:4:54:Infinity":22,"s:55:4:55:Infinity":23,"s:58:33:64:Infinity":24,"s:66:2:66:Infinity":25,"s:69:23:73:Infinity":26,"f:69:23:69:29":5,"s:70:8:70:Infinity":27,"b:71:2:71:Infinity:undefined:undefined:undefined:undefined":2,"s:71:2:71:Infinity":28,"s:71:16:71:Infinity":29,"s:72:2:72:Infinity":30}}}
}
