<?xml version="1.0" encoding="UTF-8"?>
<coverage generated="1769594962679" clover="3.2.0">
  <project timestamp="1769594962679" name="All files">
    <metrics statements="30" coveredstatements="25" conditionals="6" coveredconditionals="3" methods="6" coveredmethods="6" elements="42" coveredelements="34" complexity="0" loc="30" ncloc="30" packages="1" files="1" classes="1"/>
    <file name="AuthContext.tsx" path="C:\Users\akash\desktop\studentManagementSystem\frontendwithtailwind\StudentManagement\src\context\AuthContext.tsx">
      <metrics statements="30" coveredstatements="25" conditionals="6" coveredconditionals="3" methods="6" coveredmethods="6"/>
      <line num="20" count="1" type="stmt"/>
      <line num="22" count="1" type="stmt"/>
      <line num="23" count="9" type="stmt"/>
      <line num="24" count="9" type="stmt"/>
      <line num="26" count="9" type="stmt"/>
      <line num="27" count="3" type="stmt"/>
      <line num="28" count="3" type="stmt"/>
      <line num="29" count="3" type="stmt"/>
      <line num="31" count="3" type="cond" truecount="2" falsecount="2"/>
      <line num="32" count="0" type="stmt"/>
      <line num="33" count="0" type="stmt"/>
      <line num="35" count="0" type="stmt"/>
      <line num="36" count="0" type="stmt"/>
      <line num="37" count="0" type="stmt"/>
      <line num="40" count="3" type="stmt"/>
      <line num="43" count="3" type="stmt"/>
      <line num="46" count="9" type="stmt"/>
      <line num="47" count="2" type="stmt"/>
      <line num="48" count="2" type="stmt"/>
      <line num="49" count="2" type="stmt"/>
      <line num="52" count="9" type="stmt"/>
      <line num="53" count="1" type="stmt"/>
      <line num="54" count="1" type="stmt"/>
      <line num="55" count="1" type="stmt"/>
      <line num="58" count="9" type="stmt"/>
      <line num="66" count="9" type="stmt"/>
      <line num="69" count="1" type="stmt"/>
      <line num="70" count="9" type="stmt"/>
      <line num="71" count="9" type="cond" truecount="1" falsecount="1"/>
      <line num="72" count="9" type="stmt"/>
    </file>
  </project>
</coverage>
