{"C:\\Users\\akash\\desktop\\studentManagementSystem\\StudentManagement\\src\\components\\AboutUs\\AboutUs.tsx": {"path":"C:\\Users\\akash\\desktop\\studentManagementSystem\\StudentManagement\\src\\components\\AboutUs\\AboutUs.tsx","statementMap":{"0":{"start":{"line":51,"column":32},"end":{"line":58,"column":null}},"1":{"start":{"line":60,"column":28},"end":{"line":85,"column":null}},"2":{"start":{"line":87,"column":37},"end":{"line":111,"column":null}},"3":{"start":{"line":114,"column":48},"end":{"line":123,"column":null}},"4":{"start":{"line":115,"column":2},"end":{"line":123,"column":null}},"5":{"start":{"line":126,"column":48},"end":{"line":135,"column":null}},"6":{"start":{"line":127,"column":2},"end":{"line":135,"column":null}},"7":{"start":{"line":130,"column":6},"end":{"line":132,"column":null}},"8":{"start":{"line":138,"column":58},"end":{"line":176,"column":null}},"9":{"start":{"line":147,"column":4},"end":{"line":149,"column":null}},"10":{"start":{"line":153,"column":4},"end":{"line":158,"column":null}},"11":{"start":{"line":161,"column":2},"end":{"line":174,"column":null}},"12":{"start":{"line":179,"column":14},"end":{"line":214,"column":null}},"13":{"start":{"line":180,"column":2},"end":{"line":212,"column":null}},"14":{"start":{"line":192,"column":12},"end":{"line":197,"column":null}},"15":{"start":{"line":202,"column":8},"end":{"line":210,"column":null}}},"fnMap":{"0":{"name":"(anonymous_0)","decl":{"start":{"line":114,"column":48},"end":{"line":114,"column":49}},"loc":{"start":{"line":115,"column":2},"end":{"line":123,"column":null}},"line":115},"1":{"name":"(anonymous_1)","decl":{"start":{"line":126,"column":48},"end":{"line":126,"column":49}},"loc":{"start":{"line":127,"column":2},"end":{"line":135,"column":null}},"line":127},"2":{"name":"(anonymous_2)","decl":{"start":{"line":129,"column":20},"end":{"line":129,"column":21}},"loc":{"start":{"line":130,"column":6},"end":{"line":132,"column":null}},"line":130},"3":{"name":"(anonymous_3)","decl":{"start":{"line":138,"column":58},"end":{"line":138,"column":59}},"loc":{"start":{"line":145,"column":6},"end":{"line":176,"column":null}},"line":145},"4":{"name":"(anonymous_4)","decl":{"start":{"line":179,"column":14},"end":{"line":179,"column":20}},"loc":{"start":{"line":179,"column":20},"end":{"line":214,"column":null}},"line":179},"5":{"name":"(anonymous_5)","decl":{"start":{"line":191,"column":24},"end":{"line":191,"column":25}},"loc":{"start":{"line":192,"column":12},"end":{"line":197,"column":null}},"line":192},"6":{"name":"(anonymous_6)","decl":{"start":{"line":201,"column":25},"end":{"line":201,"column":26}},"loc":{"start":{"line":202,"column":8},"end":{"line":210,"column":null}},"line":202}},"branchMap":{"0":{"loc":{"start":{"line":126,"column":81},"end":{"line":126,"column":96}},"type":"default-arg","locations":[{"start":{"line":126,"column":93},"end":{"line":126,"column":96}}],"line":126},"1":{"loc":{"start":{"line":147,"column":54},"end":{"line":147,"column":96}},"type":"cond-expr","locations":[{"start":{"line":147,"column":81},"end":{"line":147,"column":91}},{"start":{"line":147,"column":91},"end":{"line":147,"column":96}}],"line":147},"2":{"loc":{"start":{"line":163,"column":7},"end":{"line":172,"column":null}},"type":"cond-expr","locations":[{"start":{"line":164,"column":8},"end":{"line":167,"column":null}},{"start":{"line":169,"column":8},"end":{"line":172,"column":null}}],"line":163}},"s":{"0":1,"1":1,"2":1,"3":1,"4":8,"5":1,"6":6,"7":10,"8":1,"9":4,"10":4,"11":4,"12":1,"13":2,"14":8,"15":4},"f":{"0":8,"1":6,"2":10,"3":4,"4":2,"5":8,"6":4},"b":{"0":[6],"1":[2,2],"2":[2,2]},"meta":{"lastBranch":3,"lastFunction":7,"lastStatement":16,"seen":{"s:51:32:58:Infinity":0,"s:60:28:85:Infinity":1,"s:87:37:111:Infinity":2,"s:114:48:123:Infinity":3,"f:114:48:114:49":0,"s:115:2:123:Infinity":4,"s:126:48:135:Infinity":5,"f:126:48:126:49":1,"s:127:2:135:Infinity":6,"b:126:93:126:96":0,"f:129:20:129:21":2,"s:130:6:132:Infinity":7,"s:138:58:176:Infinity":8,"f:138:58:138:59":3,"s:147:4:149:Infinity":9,"b:147:81:147:91:147:91:147:96":1,"s:153:4:158:Infinity":10,"s:161:2:174:Infinity":11,"b:164:8:167:Infinity:169:8:172:Infinity":2,"s:179:14:214:Infinity":12,"f:179:14:179:20":4,"s:180:2:212:Infinity":13,"f:191:24:191:25":5,"s:192:12:197:Infinity":14,"f:201:25:201:26":6,"s:202:8:210:Infinity":15}}}
,"C:\\Users\\akash\\desktop\\studentManagementSystem\\StudentManagement\\src\\components\\CustomSelect\\CustomSelect.tsx": {"path":"C:\\Users\\akash\\desktop\\studentManagementSystem\\StudentManagement\\src\\components\\CustomSelect\\CustomSelect.tsx","statementMap":{"0":{"start":{"line":20,"column":50},"end":{"line":126,"column":null}},"1":{"start":{"line":30,"column":28},"end":{"line":30,"column":null}},"2":{"start":{"line":31,"column":10},"end":{"line":31,"column":null}},"3":{"start":{"line":34,"column":4},"end":{"line":45,"column":null}},"4":{"start":{"line":35,"column":35},"end":{"line":39,"column":null}},"5":{"start":{"line":36,"column":12},"end":{"line":38,"column":null}},"6":{"start":{"line":37,"column":16},"end":{"line":37,"column":null}},"7":{"start":{"line":41,"column":8},"end":{"line":41,"column":null}},"8":{"start":{"line":42,"column":8},"end":{"line":44,"column":null}},"9":{"start":{"line":43,"column":12},"end":{"line":43,"column":null}},"10":{"start":{"line":48,"column":40},"end":{"line":54,"column":null}},"11":{"start":{"line":49,"column":8},"end":{"line":49,"column":null}},"12":{"start":{"line":49,"column":34},"end":{"line":49,"column":null}},"13":{"start":{"line":50,"column":8},"end":{"line":52,"column":null}},"14":{"start":{"line":51,"column":12},"end":{"line":51,"column":null}},"15":{"start":{"line":51,"column":55},"end":{"line":51,"column":82}},"16":{"start":{"line":53,"column":8},"end":{"line":53,"column":null}},"17":{"start":{"line":56,"column":27},"end":{"line":56,"column":null}},"18":{"start":{"line":56,"column":59},"end":{"line":56,"column":78}},"19":{"start":{"line":58,"column":25},"end":{"line":63,"column":null}},"20":{"start":{"line":59,"column":8},"end":{"line":62,"column":null}},"21":{"start":{"line":60,"column":12},"end":{"line":60,"column":null}},"22":{"start":{"line":61,"column":12},"end":{"line":61,"column":null}},"23":{"start":{"line":65,"column":4},"end":{"line":124,"column":null}},"24":{"start":{"line":75,"column":31},"end":{"line":75,"column":null}},"25":{"start":{"line":101,"column":32},"end":{"line":116,"column":null}},"26":{"start":{"line":104,"column":55},"end":{"line":104,"column":null}}},"fnMap":{"0":{"name":"(anonymous_0)","decl":{"start":{"line":20,"column":50},"end":{"line":20,"column":51}},"loc":{"start":{"line":29,"column":6},"end":{"line":126,"column":null}},"line":29},"1":{"name":"(anonymous_1)","decl":{"start":{"line":34,"column":14},"end":{"line":34,"column":20}},"loc":{"start":{"line":34,"column":20},"end":{"line":45,"column":7}},"line":34},"2":{"name":"(anonymous_2)","decl":{"start":{"line":35,"column":35},"end":{"line":35,"column":36}},"loc":{"start":{"line":35,"column":58},"end":{"line":39,"column":null}},"line":35},"3":{"name":"(anonymous_3)","decl":{"start":{"line":42,"column":15},"end":{"line":42,"column":21}},"loc":{"start":{"line":42,"column":21},"end":{"line":44,"column":null}},"line":42},"4":{"name":"(anonymous_4)","decl":{"start":{"line":48,"column":54},"end":{"line":48,"column":60}},"loc":{"start":{"line":48,"column":60},"end":{"line":54,"column":7}},"line":48},"5":{"name":"(anonymous_5)","decl":{"start":{"line":51,"column":45},"end":{"line":51,"column":46}},"loc":{"start":{"line":51,"column":55},"end":{"line":51,"column":82}},"line":51},"6":{"name":"(anonymous_6)","decl":{"start":{"line":56,"column":50},"end":{"line":56,"column":51}},"loc":{"start":{"line":56,"column":59},"end":{"line":56,"column":78}},"line":56},"7":{"name":"(anonymous_7)","decl":{"start":{"line":58,"column":25},"end":{"line":58,"column":26}},"loc":{"start":{"line":58,"column":47},"end":{"line":63,"column":null}},"line":58},"8":{"name":"(anonymous_8)","decl":{"start":{"line":75,"column":25},"end":{"line":75,"column":31}},"loc":{"start":{"line":75,"column":31},"end":{"line":75,"column":null}},"line":75},"9":{"name":"(anonymous_9)","decl":{"start":{"line":100,"column":50},"end":{"line":100,"column":51}},"loc":{"start":{"line":101,"column":32},"end":{"line":116,"column":null}},"line":101},"10":{"name":"(anonymous_10)","decl":{"start":{"line":104,"column":49},"end":{"line":104,"column":55}},"loc":{"start":{"line":104,"column":55},"end":{"line":104,"column":null}},"line":104}},"branchMap":{"0":{"loc":{"start":{"line":25,"column":4},"end":{"line":25,"column":null}},"type":"default-arg","locations":[{"start":{"line":25,"column":18},"end":{"line":25,"column":null}}],"line":25},"1":{"loc":{"start":{"line":26,"column":4},"end":{"line":26,"column":null}},"type":"default-arg","locations":[{"start":{"line":26,"column":15},"end":{"line":26,"column":null}}],"line":26},"2":{"loc":{"start":{"line":27,"column":4},"end":{"line":27,"column":null}},"type":"default-arg","locations":[{"start":{"line":27,"column":15},"end":{"line":27,"column":null}}],"line":27},"3":{"loc":{"start":{"line":28,"column":4},"end":{"line":28,"column":null}},"type":"default-arg","locations":[{"start":{"line":28,"column":16},"end":{"line":28,"column":null}}],"line":28},"4":{"loc":{"start":{"line":36,"column":12},"end":{"line":38,"column":null}},"type":"if","locations":[{"start":{"line":36,"column":12},"end":{"line":38,"column":null}},{"start":{},"end":{}}],"line":36},"5":{"loc":{"start":{"line":36,"column":16},"end":{"line":36,"column":94}},"type":"binary-expr","locations":[{"start":{"line":36,"column":16},"end":{"line":36,"column":40}},{"start":{"line":36,"column":40},"end":{"line":36,"column":94}}],"line":36},"6":{"loc":{"start":{"line":49,"column":8},"end":{"line":49,"column":null}},"type":"if","locations":[{"start":{"line":49,"column":8},"end":{"line":49,"column":null}},{"start":{},"end":{}}],"line":49},"7":{"loc":{"start":{"line":50,"column":8},"end":{"line":52,"column":null}},"type":"if","locations":[{"start":{"line":50,"column":8},"end":{"line":52,"column":null}},{"start":{},"end":{}}],"line":50},"8":{"loc":{"start":{"line":59,"column":8},"end":{"line":62,"column":null}},"type":"if","locations":[{"start":{"line":59,"column":8},"end":{"line":62,"column":null}},{"start":{},"end":{}}],"line":59},"9":{"loc":{"start":{"line":67,"column":13},"end":{"line":70,"column":null}},"type":"binary-expr","locations":[{"start":{"line":67,"column":13},"end":{"line":67,"column":null}},{"start":{"line":68,"column":16},"end":{"line":70,"column":null}}],"line":67},"10":{"loc":{"start":{"line":69,"column":29},"end":{"line":69,"column":null}},"type":"binary-expr","locations":[{"start":{"line":69,"column":29},"end":{"line":69,"column":41}},{"start":{"line":69,"column":41},"end":{"line":69,"column":null}}],"line":69},"11":{"loc":{"start":{"line":75,"column":31},"end":{"line":75,"column":null}},"type":"binary-expr","locations":[{"start":{"line":75,"column":31},"end":{"line":75,"column":44}},{"start":{"line":75,"column":44},"end":{"line":75,"column":null}}],"line":75},"12":{"loc":{"start":{"line":84,"column":12},"end":{"line":84,"column":107}},"type":"cond-expr","locations":[{"start":{"line":84,"column":23},"end":{"line":84,"column":69}},{"start":{"line":84,"column":69},"end":{"line":84,"column":107}}],"line":84},"13":{"loc":{"start":{"line":85,"column":12},"end":{"line":85,"column":64}},"type":"cond-expr","locations":[{"start":{"line":85,"column":21},"end":{"line":85,"column":62}},{"start":{"line":85,"column":62},"end":{"line":85,"column":64}}],"line":85},"14":{"loc":{"start":{"line":88,"column":51},"end":{"line":88,"column":102}},"type":"cond-expr","locations":[{"start":{"line":88,"column":69},"end":{"line":88,"column":87}},{"start":{"line":88,"column":87},"end":{"line":88,"column":102}}],"line":88},"15":{"loc":{"start":{"line":89,"column":21},"end":{"line":89,"column":null}},"type":"cond-expr","locations":[{"start":{"line":89,"column":38},"end":{"line":89,"column":61}},{"start":{"line":89,"column":61},"end":{"line":89,"column":null}}],"line":89},"16":{"loc":{"start":{"line":92,"column":90},"end":{"line":92,"column":126}},"type":"cond-expr","locations":[{"start":{"line":92,"column":99},"end":{"line":92,"column":124}},{"start":{"line":92,"column":124},"end":{"line":92,"column":126}}],"line":92},"17":{"loc":{"start":{"line":96,"column":13},"end":{"line":122,"column":null}},"type":"binary-expr","locations":[{"start":{"line":96,"column":13},"end":{"line":96,"column":23}},{"start":{"line":96,"column":23},"end":{"line":96,"column":null}},{"start":{"line":97,"column":16},"end":{"line":122,"column":null}}],"line":96},"18":{"loc":{"start":{"line":99,"column":25},"end":{"line":119,"column":null}},"type":"cond-expr","locations":[{"start":{"line":100,"column":28},"end":{"line":117,"column":null}},{"start":{"line":119,"column":28},"end":{"line":119,"column":null}}],"line":99},"19":{"loc":{"start":{"line":108,"column":24},"end":{"line":108,"column":105}},"type":"cond-expr","locations":[{"start":{"line":108,"column":49},"end":{"line":108,"column":90}},{"start":{"line":108,"column":90},"end":{"line":108,"column":105}}],"line":108},"20":{"loc":{"start":{"line":112,"column":41},"end":{"line":113,"column":null}},"type":"binary-expr","locations":[{"start":{"line":112,"column":41},"end":{"line":112,"column":null}},{"start":{"line":113,"column":44},"end":{"line":113,"column":null}}],"line":112}},"s":{"0":3,"1":35,"2":35,"3":35,"4":10,"5":0,"6":0,"7":10,"8":10,"9":10,"10":35,"11":17,"12":8,"13":9,"14":1,"15":6,"16":8,"17":35,"18":56,"19":35,"20":4,"21":4,"22":4,"23":35,"24":4,"25":13,"26":4},"f":{"0":35,"1":10,"2":0,"3":10,"4":17,"5":6,"6":56,"7":4,"8":4,"9":13,"10":4},"b":{"0":[35],"1":[35],"2":[35],"3":[35],"4":[0,0],"5":[0,0],"6":[8,9],"7":[1,8],"8":[4,0],"9":[35,27],"10":[27,15],"11":[4,4],"12":[1,34],"13":[4,31],"14":[9,26],"15":[26,9],"16":[4,31],"17":[35,4,4],"18":[4,0],"19":[4,9],"20":[13,4]},"meta":{"lastBranch":21,"lastFunction":11,"lastStatement":27,"seen":{"s:20:50:126:Infinity":0,"f:20:50:20:51":0,"b:25:18:25:Infinity":0,"b:26:15:26:Infinity":1,"b:27:15:27:Infinity":2,"b:28:16:28:Infinity":3,"s:30:28:30:Infinity":1,"s:31:10:31:Infinity":2,"s:34:4:45:Infinity":3,"f:34:14:34:20":1,"s:35:35:39:Infinity":4,"f:35:35:35:36":2,"b:36:12:38:Infinity:undefined:undefined:undefined:undefined":4,"s:36:12:38:Infinity":5,"b:36:16:36:40:36:40:36:94":5,"s:37:16:37:Infinity":6,"s:41:8:41:Infinity":7,"s:42:8:44:Infinity":8,"f:42:15:42:21":3,"s:43:12:43:Infinity":9,"s:48:40:54:Infinity":10,"f:48:54:48:60":4,"b:49:8:49:Infinity:undefined:undefined:undefined:undefined":6,"s:49:8:49:Infinity":11,"s:49:34:49:Infinity":12,"b:50:8:52:Infinity:undefined:undefined:undefined:undefined":7,"s:50:8:52:Infinity":13,"s:51:12:51:Infinity":14,"f:51:45:51:46":5,"s:51:55:51:82":15,"s:53:8:53:Infinity":16,"s:56:27:56:Infinity":17,"f:56:50:56:51":6,"s:56:59:56:78":18,"s:58:25:63:Infinity":19,"f:58:25:58:26":7,"b:59:8:62:Infinity:undefined:undefined:undefined:undefined":8,"s:59:8:62:Infinity":20,"s:60:12:60:Infinity":21,"s:61:12:61:Infinity":22,"s:65:4:124:Infinity":23,"b:67:13:67:Infinity:68:16:70:Infinity":9,"b:69:29:69:41:69:41:69:Infinity":10,"f:75:25:75:31":8,"s:75:31:75:Infinity":24,"b:75:31:75:44:75:44:75:Infinity":11,"b:84:23:84:69:84:69:84:107":12,"b:85:21:85:62:85:62:85:64":13,"b:88:69:88:87:88:87:88:102":14,"b:89:38:89:61:89:61:89:Infinity":15,"b:92:99:92:124:92:124:92:126":16,"b:96:13:96:23:96:23:96:Infinity:97:16:122:Infinity":17,"b:100:28:117:Infinity:119:28:119:Infinity":18,"f:100:50:100:51":9,"s:101:32:116:Infinity":25,"f:104:49:104:55":10,"s:104:55:104:Infinity":26,"b:108:49:108:90:108:90:108:105":19,"b:112:41:112:Infinity:113:44:113:Infinity":20}}}
,"C:\\Users\\akash\\desktop\\studentManagementSystem\\StudentManagement\\src\\components\\Facilities\\Facilities.tsx": {"path":"C:\\Users\\akash\\desktop\\studentManagementSystem\\StudentManagement\\src\\components\\Facilities\\Facilities.tsx","statementMap":{"0":{"start":{"line":58,"column":38},"end":{"line":63,"column":null}},"1":{"start":{"line":65,"column":31},"end":{"line":146,"column":null}},"2":{"start":{"line":149,"column":52},"end":{"line":162,"column":null}},"3":{"start":{"line":155,"column":2},"end":{"line":162,"column":null}},"4":{"start":{"line":165,"column":50},"end":{"line":180,"column":null}},"5":{"start":{"line":172,"column":2},"end":{"line":180,"column":null}},"6":{"start":{"line":183,"column":36},"end":{"line":199,"column":null}},"7":{"start":{"line":184,"column":2},"end":{"line":184,"column":null}},"8":{"start":{"line":184,"column":15},"end":{"line":184,"column":null}},"9":{"start":{"line":186,"column":2},"end":{"line":197,"column":null}},"10":{"start":{"line":202,"column":46},"end":{"line":242,"column":null}},"11":{"start":{"line":206,"column":24},"end":{"line":206,"column":null}},"12":{"start":{"line":207,"column":16},"end":{"line":207,"column":null}},"13":{"start":{"line":209,"column":27},"end":{"line":209,"column":null}},"14":{"start":{"line":209,"column":33},"end":{"line":209,"column":null}},"15":{"start":{"line":211,"column":2},"end":{"line":240,"column":null}},"16":{"start":{"line":223,"column":12},"end":{"line":230,"column":null}}},"fnMap":{"0":{"name":"(anonymous_0)","decl":{"start":{"line":149,"column":52},"end":{"line":149,"column":53}},"loc":{"start":{"line":155,"column":2},"end":{"line":162,"column":null}},"line":155},"1":{"name":"(anonymous_1)","decl":{"start":{"line":165,"column":50},"end":{"line":165,"column":51}},"loc":{"start":{"line":172,"column":2},"end":{"line":180,"column":null}},"line":172},"2":{"name":"(anonymous_2)","decl":{"start":{"line":183,"column":36},"end":{"line":183,"column":37}},"loc":{"start":{"line":183,"column":70},"end":{"line":199,"column":null}},"line":183},"3":{"name":"(anonymous_3)","decl":{"start":{"line":202,"column":46},"end":{"line":202,"column":47}},"loc":{"start":{"line":205,"column":6},"end":{"line":242,"column":null}},"line":205},"4":{"name":"(anonymous_4)","decl":{"start":{"line":209,"column":27},"end":{"line":209,"column":33}},"loc":{"start":{"line":209,"column":33},"end":{"line":209,"column":null}},"line":209},"5":{"name":"(anonymous_5)","decl":{"start":{"line":222,"column":26},"end":{"line":222,"column":27}},"loc":{"start":{"line":223,"column":12},"end":{"line":230,"column":null}},"line":223}},"branchMap":{"0":{"loc":{"start":{"line":184,"column":2},"end":{"line":184,"column":null}},"type":"if","locations":[{"start":{"line":184,"column":2},"end":{"line":184,"column":null}},{"start":{},"end":{}}],"line":184},"1":{"loc":{"start":{"line":203,"column":2},"end":{"line":203,"column":null}},"type":"default-arg","locations":[{"start":{"line":203,"column":15},"end":{"line":203,"column":null}}],"line":203},"2":{"loc":{"start":{"line":204,"column":2},"end":{"line":204,"column":null}},"type":"default-arg","locations":[{"start":{"line":204,"column":18},"end":{"line":204,"column":null}}],"line":204}},"s":{"0":1,"1":1,"2":1,"3":5,"4":1,"5":50,"6":1,"7":5,"8":5,"9":0,"10":1,"11":5,"12":5,"13":5,"14":0,"15":5,"16":50},"f":{"0":5,"1":50,"2":5,"3":5,"4":0,"5":50},"b":{"0":[5,0],"1":[5],"2":[5]},"meta":{"lastBranch":3,"lastFunction":6,"lastStatement":17,"seen":{"s:58:38:63:Infinity":0,"s:65:31:146:Infinity":1,"s:149:52:162:Infinity":2,"f:149:52:149:53":0,"s:155:2:162:Infinity":3,"s:165:50:180:Infinity":4,"f:165:50:165:51":1,"s:172:2:180:Infinity":5,"s:183:36:199:Infinity":6,"f:183:36:183:37":2,"b:184:2:184:Infinity:undefined:undefined:undefined:undefined":0,"s:184:2:184:Infinity":7,"s:184:15:184:Infinity":8,"s:186:2:197:Infinity":9,"s:202:46:242:Infinity":10,"f:202:46:202:47":3,"b:203:15:203:Infinity":1,"b:204:18:204:Infinity":2,"s:206:24:206:Infinity":11,"s:207:16:207:Infinity":12,"s:209:27:209:Infinity":13,"f:209:27:209:33":4,"s:209:33:209:Infinity":14,"s:211:2:240:Infinity":15,"f:222:26:222:27":5,"s:223:12:230:Infinity":16}}}
,"C:\\Users\\akash\\desktop\\studentManagementSystem\\StudentManagement\\src\\components\\Footer\\Footer.tsx": {"path":"C:\\Users\\akash\\desktop\\studentManagementSystem\\StudentManagement\\src\\components\\Footer\\Footer.tsx","statementMap":{"0":{"start":{"line":15,"column":35},"end":{"line":21,"column":null}},"1":{"start":{"line":24,"column":2},"end":{"line":24,"column":null}},"2":{"start":{"line":26,"column":42},"end":{"line":30,"column":null}},"3":{"start":{"line":32,"column":37},"end":{"line":32,"column":null}},"4":{"start":{"line":35,"column":78},"end":{"line":42,"column":null}},"5":{"start":{"line":39,"column":2},"end":{"line":42,"column":null}},"6":{"start":{"line":45,"column":55},"end":{"line":52,"column":null}},"7":{"start":{"line":46,"column":2},"end":{"line":52,"column":null}},"8":{"start":{"line":48,"column":6},"end":{"line":50,"column":null}},"9":{"start":{"line":55,"column":63},"end":{"line":71,"column":null}},"10":{"start":{"line":56,"column":38},"end":{"line":60,"column":null}},"11":{"start":{"line":62,"column":2},"end":{"line":69,"column":null}},"12":{"start":{"line":65,"column":8},"end":{"line":67,"column":null}},"13":{"start":{"line":73,"column":53},"end":{"line":78,"column":null}},"14":{"start":{"line":74,"column":2},"end":{"line":78,"column":null}},"15":{"start":{"line":82,"column":15},"end":{"line":114,"column":null}},"16":{"start":{"line":88,"column":2},"end":{"line":112,"column":null}}},"fnMap":{"0":{"name":"(anonymous_0)","decl":{"start":{"line":35,"column":78},"end":{"line":35,"column":79}},"loc":{"start":{"line":39,"column":2},"end":{"line":42,"column":null}},"line":39},"1":{"name":"(anonymous_1)","decl":{"start":{"line":45,"column":55},"end":{"line":45,"column":56}},"loc":{"start":{"line":46,"column":2},"end":{"line":52,"column":null}},"line":46},"2":{"name":"(anonymous_2)","decl":{"start":{"line":47,"column":18},"end":{"line":47,"column":19}},"loc":{"start":{"line":48,"column":6},"end":{"line":50,"column":null}},"line":48},"3":{"name":"(anonymous_3)","decl":{"start":{"line":55,"column":63},"end":{"line":55,"column":64}},"loc":{"start":{"line":55,"column":84},"end":{"line":71,"column":null}},"line":55},"4":{"name":"(anonymous_4)","decl":{"start":{"line":64,"column":24},"end":{"line":64,"column":25}},"loc":{"start":{"line":65,"column":8},"end":{"line":67,"column":null}},"line":65},"5":{"name":"(anonymous_5)","decl":{"start":{"line":73,"column":53},"end":{"line":73,"column":54}},"loc":{"start":{"line":74,"column":2},"end":{"line":78,"column":null}},"line":74},"6":{"name":"(anonymous_6)","decl":{"start":{"line":82,"column":15},"end":{"line":82,"column":16}},"loc":{"start":{"line":87,"column":6},"end":{"line":114,"column":null}},"line":87}},"branchMap":{"0":{"loc":{"start":{"line":83,"column":2},"end":{"line":83,"column":null}},"type":"default-arg","locations":[{"start":{"line":83,"column":13},"end":{"line":83,"column":null}}],"line":83},"1":{"loc":{"start":{"line":84,"column":2},"end":{"line":84,"column":null}},"type":"default-arg","locations":[{"start":{"line":84,"column":14},"end":{"line":84,"column":null}}],"line":84},"2":{"loc":{"start":{"line":85,"column":2},"end":{"line":85,"column":null}},"type":"default-arg","locations":[{"start":{"line":85,"column":16},"end":{"line":85,"column":null}}],"line":85},"3":{"loc":{"start":{"line":86,"column":2},"end":{"line":86,"column":null}},"type":"default-arg","locations":[{"start":{"line":86,"column":16},"end":{"line":86,"column":null}}],"line":86}},"s":{"0":1,"1":1,"2":1,"3":1,"4":1,"5":9,"6":1,"7":3,"8":15,"9":1,"10":3,"11":3,"12":9,"13":1,"14":3,"15":1,"16":3},"f":{"0":9,"1":3,"2":15,"3":3,"4":9,"5":3,"6":3},"b":{"0":[3],"1":[3],"2":[3],"3":[3]},"meta":{"lastBranch":4,"lastFunction":7,"lastStatement":17,"seen":{"s:15:35:21:Infinity":0,"s:24:2:24:Infinity":1,"s:26:42:30:Infinity":2,"s:32:37:32:Infinity":3,"s:35:78:42:Infinity":4,"f:35:78:35:79":0,"s:39:2:42:Infinity":5,"s:45:55:52:Infinity":6,"f:45:55:45:56":1,"s:46:2:52:Infinity":7,"f:47:18:47:19":2,"s:48:6:50:Infinity":8,"s:55:63:71:Infinity":9,"f:55:63:55:64":3,"s:56:38:60:Infinity":10,"s:62:2:69:Infinity":11,"f:64:24:64:25":4,"s:65:8:67:Infinity":12,"s:73:53:78:Infinity":13,"f:73:53:73:54":5,"s:74:2:78:Infinity":14,"s:82:15:114:Infinity":15,"f:82:15:82:16":6,"b:83:13:83:Infinity":0,"b:84:14:84:Infinity":1,"b:85:16:85:Infinity":2,"b:86:16:86:Infinity":3,"s:88:2:112:Infinity":16}}}
,"C:\\Users\\akash\\desktop\\studentManagementSystem\\StudentManagement\\src\\components\\HelpUs\\HelpUs.tsx": {"path":"C:\\Users\\akash\\desktop\\studentManagementSystem\\StudentManagement\\src\\components\\HelpUs\\HelpUs.tsx","statementMap":{"0":{"start":{"line":34,"column":32},"end":{"line":98,"column":null}},"1":{"start":{"line":101,"column":19},"end":{"line":104,"column":null}},"2":{"start":{"line":102,"column":2},"end":{"line":104,"column":null}},"3":{"start":{"line":107,"column":21},"end":{"line":120,"column":null}},"4":{"start":{"line":108,"column":2},"end":{"line":120,"column":null}},"5":{"start":{"line":115,"column":8},"end":{"line":117,"column":null}},"6":{"start":{"line":123,"column":18},"end":{"line":135,"column":null}},"7":{"start":{"line":124,"column":2},"end":{"line":135,"column":null}},"8":{"start":{"line":139,"column":15},"end":{"line":157,"column":null}},"9":{"start":{"line":140,"column":2},"end":{"line":155,"column":null}},"10":{"start":{"line":144,"column":30},"end":{"line":144,"column":null}},"11":{"start":{"line":146,"column":10},"end":{"line":151,"column":null}}},"fnMap":{"0":{"name":"(anonymous_0)","decl":{"start":{"line":101,"column":19},"end":{"line":101,"column":20}},"loc":{"start":{"line":102,"column":2},"end":{"line":104,"column":null}},"line":102},"1":{"name":"(anonymous_1)","decl":{"start":{"line":107,"column":21},"end":{"line":107,"column":22}},"loc":{"start":{"line":108,"column":2},"end":{"line":120,"column":null}},"line":108},"2":{"name":"(anonymous_2)","decl":{"start":{"line":114,"column":17},"end":{"line":114,"column":18}},"loc":{"start":{"line":115,"column":8},"end":{"line":117,"column":null}},"line":115},"3":{"name":"(anonymous_3)","decl":{"start":{"line":123,"column":18},"end":{"line":123,"column":19}},"loc":{"start":{"line":124,"column":2},"end":{"line":135,"column":null}},"line":124},"4":{"name":"(anonymous_4)","decl":{"start":{"line":139,"column":15},"end":{"line":139,"column":16}},"loc":{"start":{"line":139,"column":61},"end":{"line":157,"column":null}},"line":139},"5":{"name":"(anonymous_5)","decl":{"start":{"line":143,"column":20},"end":{"line":143,"column":21}},"loc":{"start":{"line":143,"column":38},"end":{"line":153,"column":9}},"line":143}},"branchMap":{"0":{"loc":{"start":{"line":125,"column":5},"end":{"line":125,"column":null}},"type":"binary-expr","locations":[{"start":{"line":125,"column":5},"end":{"line":125,"column":20}},{"start":{"line":125,"column":20},"end":{"line":125,"column":null}}],"line":125},"1":{"loc":{"start":{"line":134,"column":5},"end":{"line":134,"column":null}},"type":"binary-expr","locations":[{"start":{"line":134,"column":5},"end":{"line":134,"column":21}},{"start":{"line":134,"column":21},"end":{"line":134,"column":null}}],"line":134},"2":{"loc":{"start":{"line":139,"column":18},"end":{"line":139,"column":42}},"type":"default-arg","locations":[{"start":{"line":139,"column":27},"end":{"line":139,"column":42}}],"line":139}},"s":{"0":1,"1":1,"2":16,"3":1,"4":16,"5":68,"6":1,"7":16,"8":1,"9":4,"10":16,"11":16},"f":{"0":16,"1":16,"2":68,"3":16,"4":4,"5":16},"b":{"0":[16,8],"1":[16,8],"2":[4]},"meta":{"lastBranch":3,"lastFunction":6,"lastStatement":12,"seen":{"s:34:32:98:Infinity":0,"s:101:19:104:Infinity":1,"f:101:19:101:20":0,"s:102:2:104:Infinity":2,"s:107:21:120:Infinity":3,"f:107:21:107:22":1,"s:108:2:120:Infinity":4,"f:114:17:114:18":2,"s:115:8:117:Infinity":5,"s:123:18:135:Infinity":6,"f:123:18:123:19":3,"s:124:2:135:Infinity":7,"b:125:5:125:20:125:20:125:Infinity":0,"b:134:5:134:21:134:21:134:Infinity":1,"s:139:15:157:Infinity":8,"f:139:15:139:16":4,"b:139:27:139:42":2,"s:140:2:155:Infinity":9,"f:143:20:143:21":5,"s:144:30:144:Infinity":10,"s:146:10:151:Infinity":11}}}
,"C:\\Users\\akash\\desktop\\studentManagementSystem\\StudentManagement\\src\\components\\Hero\\Hero.tsx": {"path":"C:\\Users\\akash\\desktop\\studentManagementSystem\\StudentManagement\\src\\components\\Hero\\Hero.tsx","statementMap":{"0":{"start":{"line":7,"column":13},"end":{"line":139,"column":null}},"1":{"start":{"line":8,"column":33},"end":{"line":11,"column":null}},"2":{"start":{"line":13,"column":4},"end":{"line":15,"column":null}},"3":{"start":{"line":14,"column":8},"end":{"line":14,"column":null}},"4":{"start":{"line":17,"column":18},"end":{"line":38,"column":null}},"5":{"start":{"line":40,"column":4},"end":{"line":137,"column":null}},"6":{"start":{"line":124,"column":28},"end":{"line":129,"column":null}}},"fnMap":{"0":{"name":"(anonymous_0)","decl":{"start":{"line":7,"column":13},"end":{"line":7,"column":19}},"loc":{"start":{"line":7,"column":19},"end":{"line":139,"column":null}},"line":7},"1":{"name":"(anonymous_1)","decl":{"start":{"line":123,"column":35},"end":{"line":123,"column":36}},"loc":{"start":{"line":124,"column":28},"end":{"line":129,"column":null}},"line":124}},"branchMap":{"0":{"loc":{"start":{"line":13,"column":4},"end":{"line":15,"column":null}},"type":"if","locations":[{"start":{"line":13,"column":4},"end":{"line":15,"column":null}},{"start":{},"end":{}}],"line":13},"1":{"loc":{"start":{"line":20,"column":19},"end":{"line":20,"column":null}},"type":"binary-expr","locations":[{"start":{"line":20,"column":19},"end":{"line":20,"column":65}},{"start":{"line":20,"column":65},"end":{"line":20,"column":null}}],"line":20},"2":{"loc":{"start":{"line":21,"column":12},"end":{"line":21,"column":null}},"type":"cond-expr","locations":[{"start":{"line":21,"column":76},"end":{"line":21,"column":82}},{"start":{"line":21,"column":82},"end":{"line":21,"column":null}}],"line":21},"3":{"loc":{"start":{"line":21,"column":21},"end":{"line":21,"column":72}},"type":"binary-expr","locations":[{"start":{"line":21,"column":21},"end":{"line":21,"column":67}},{"start":{"line":21,"column":67},"end":{"line":21,"column":72}}],"line":21},"4":{"loc":{"start":{"line":25,"column":19},"end":{"line":25,"column":null}},"type":"binary-expr","locations":[{"start":{"line":25,"column":19},"end":{"line":25,"column":65}},{"start":{"line":25,"column":65},"end":{"line":25,"column":null}}],"line":25},"5":{"loc":{"start":{"line":26,"column":12},"end":{"line":26,"column":null}},"type":"cond-expr","locations":[{"start":{"line":26,"column":76},"end":{"line":26,"column":82}},{"start":{"line":26,"column":82},"end":{"line":26,"column":null}}],"line":26},"6":{"loc":{"start":{"line":26,"column":21},"end":{"line":26,"column":72}},"type":"binary-expr","locations":[{"start":{"line":26,"column":21},"end":{"line":26,"column":67}},{"start":{"line":26,"column":67},"end":{"line":26,"column":72}}],"line":26},"7":{"loc":{"start":{"line":30,"column":19},"end":{"line":30,"column":null}},"type":"binary-expr","locations":[{"start":{"line":30,"column":19},"end":{"line":30,"column":63}},{"start":{"line":30,"column":63},"end":{"line":30,"column":null}}],"line":30},"8":{"loc":{"start":{"line":31,"column":12},"end":{"line":31,"column":null}},"type":"cond-expr","locations":[{"start":{"line":31,"column":74},"end":{"line":31,"column":80}},{"start":{"line":31,"column":80},"end":{"line":31,"column":null}}],"line":31},"9":{"loc":{"start":{"line":31,"column":21},"end":{"line":31,"column":70}},"type":"binary-expr","locations":[{"start":{"line":31,"column":21},"end":{"line":31,"column":65}},{"start":{"line":31,"column":65},"end":{"line":31,"column":70}}],"line":31},"10":{"loc":{"start":{"line":35,"column":19},"end":{"line":35,"column":null}},"type":"binary-expr","locations":[{"start":{"line":35,"column":19},"end":{"line":35,"column":64}},{"start":{"line":35,"column":64},"end":{"line":35,"column":null}}],"line":35},"11":{"loc":{"start":{"line":36,"column":12},"end":{"line":36,"column":null}},"type":"cond-expr","locations":[{"start":{"line":36,"column":75},"end":{"line":36,"column":81}},{"start":{"line":36,"column":81},"end":{"line":36,"column":null}}],"line":36},"12":{"loc":{"start":{"line":36,"column":21},"end":{"line":36,"column":71}},"type":"binary-expr","locations":[{"start":{"line":36,"column":21},"end":{"line":36,"column":66}},{"start":{"line":36,"column":66},"end":{"line":36,"column":71}}],"line":36},"13":{"loc":{"start":{"line":126,"column":37},"end":{"line":126,"column":null}},"type":"cond-expr","locations":[{"start":{"line":126,"column":47},"end":{"line":126,"column":55}},{"start":{"line":126,"column":55},"end":{"line":126,"column":null}}],"line":126}},"s":{"0":1,"1":7,"2":7,"3":1,"4":7,"5":7,"6":28},"f":{"0":7,"1":28},"b":{"0":[1,6],"1":[7,6],"2":[1,6],"3":[7,6],"4":[7,6],"5":[1,6],"6":[7,6],"7":[7,6],"8":[1,6],"9":[7,6],"10":[7,6],"11":[1,6],"12":[7,6],"13":[20,8]},"meta":{"lastBranch":14,"lastFunction":2,"lastStatement":7,"seen":{"s:7:13:139:Infinity":0,"f:7:13:7:19":0,"s:8:33:11:Infinity":1,"b:13:4:15:Infinity:undefined:undefined:undefined:undefined":0,"s:13:4:15:Infinity":2,"s:14:8:14:Infinity":3,"s:17:18:38:Infinity":4,"b:20:19:20:65:20:65:20:Infinity":1,"b:21:76:21:82:21:82:21:Infinity":2,"b:21:21:21:67:21:67:21:72":3,"b:25:19:25:65:25:65:25:Infinity":4,"b:26:76:26:82:26:82:26:Infinity":5,"b:26:21:26:67:26:67:26:72":6,"b:30:19:30:63:30:63:30:Infinity":7,"b:31:74:31:80:31:80:31:Infinity":8,"b:31:21:31:65:31:65:31:70":9,"b:35:19:35:64:35:64:35:Infinity":10,"b:36:75:36:81:36:81:36:Infinity":11,"b:36:21:36:66:36:66:36:71":12,"s:40:4:137:Infinity":5,"f:123:35:123:36":1,"s:124:28:129:Infinity":6,"b:126:47:126:55:126:55:126:Infinity":13}}}
,"C:\\Users\\akash\\desktop\\studentManagementSystem\\StudentManagement\\src\\components\\Login\\Login.tsx": {"path":"C:\\Users\\akash\\desktop\\studentManagementSystem\\StudentManagement\\src\\components\\Login\\Login.tsx","statementMap":{"0":{"start":{"line":47,"column":46},"end":{"line":72,"column":null}},"1":{"start":{"line":74,"column":55},"end":{"line":79,"column":null}},"2":{"start":{"line":81,"column":23},"end":{"line":89,"column":null}},"3":{"start":{"line":83,"column":4},"end":{"line":83,"column":null}},"4":{"start":{"line":84,"column":37},"end":{"line":84,"column":null}},"5":{"start":{"line":86,"column":34},"end":{"line":86,"column":null}},"6":{"start":{"line":88,"column":37},"end":{"line":88,"column":null}},"7":{"start":{"line":91,"column":21},"end":{"line":94,"column":null}},"8":{"start":{"line":92,"column":2},"end":{"line":94,"column":null}},"9":{"start":{"line":97,"column":19},"end":{"line":117,"column":null}},"10":{"start":{"line":105,"column":2},"end":{"line":117,"column":null}},"11":{"start":{"line":112,"column":23},"end":{"line":112,"column":null}},"12":{"start":{"line":120,"column":23},"end":{"line":140,"column":null}},"13":{"start":{"line":121,"column":2},"end":{"line":140,"column":null}},"14":{"start":{"line":143,"column":22},"end":{"line":162,"column":null}},"15":{"start":{"line":149,"column":2},"end":{"line":162,"column":null}},"16":{"start":{"line":167,"column":8},"end":{"line":167,"column":null}},"17":{"start":{"line":168,"column":16},"end":{"line":168,"column":null}},"18":{"start":{"line":171,"column":22},"end":{"line":171,"column":null}},"19":{"start":{"line":172,"column":34},"end":{"line":172,"column":null}},"20":{"start":{"line":173,"column":30},"end":{"line":173,"column":null}},"21":{"start":{"line":174,"column":36},"end":{"line":174,"column":null}},"22":{"start":{"line":175,"column":28},"end":{"line":175,"column":null}},"23":{"start":{"line":176,"column":24},"end":{"line":176,"column":null}},"24":{"start":{"line":178,"column":17},"end":{"line":178,"column":null}},"25":{"start":{"line":183,"column":25},"end":{"line":200,"column":null}},"26":{"start":{"line":184,"column":4},"end":{"line":187,"column":null}},"27":{"start":{"line":185,"column":6},"end":{"line":185,"column":null}},"28":{"start":{"line":186,"column":6},"end":{"line":186,"column":null}},"29":{"start":{"line":189,"column":4},"end":{"line":192,"column":null}},"30":{"start":{"line":190,"column":6},"end":{"line":190,"column":null}},"31":{"start":{"line":191,"column":6},"end":{"line":191,"column":null}},"32":{"start":{"line":194,"column":4},"end":{"line":197,"column":null}},"33":{"start":{"line":195,"column":6},"end":{"line":195,"column":null}},"34":{"start":{"line":196,"column":6},"end":{"line":196,"column":null}},"35":{"start":{"line":199,"column":4},"end":{"line":199,"column":null}},"36":{"start":{"line":205,"column":22},"end":{"line":237,"column":null}},"37":{"start":{"line":206,"column":4},"end":{"line":206,"column":null}},"38":{"start":{"line":206,"column":27},"end":{"line":206,"column":null}},"39":{"start":{"line":208,"column":4},"end":{"line":208,"column":null}},"40":{"start":{"line":209,"column":4},"end":{"line":209,"column":null}},"41":{"start":{"line":211,"column":4},"end":{"line":236,"column":null}},"42":{"start":{"line":213,"column":23},"end":{"line":218,"column":null}},"43":{"start":{"line":220,"column":6},"end":{"line":230,"column":null}},"44":{"start":{"line":221,"column":27},"end":{"line":226,"column":null}},"45":{"start":{"line":228,"column":8},"end":{"line":228,"column":null}},"46":{"start":{"line":229,"column":8},"end":{"line":229,"column":null}},"47":{"start":{"line":232,"column":6},"end":{"line":232,"column":null}},"48":{"start":{"line":233,"column":6},"end":{"line":233,"column":null}},"49":{"start":{"line":235,"column":6},"end":{"line":235,"column":null}},"50":{"start":{"line":240,"column":27},"end":{"line":246,"column":null}},"51":{"start":{"line":241,"column":4},"end":{"line":241,"column":null}},"52":{"start":{"line":242,"column":4},"end":{"line":242,"column":null}},"53":{"start":{"line":243,"column":4},"end":{"line":243,"column":null}},"54":{"start":{"line":244,"column":4},"end":{"line":244,"column":null}},"55":{"start":{"line":245,"column":4},"end":{"line":245,"column":null}},"56":{"start":{"line":249,"column":25},"end":{"line":253,"column":null}},"57":{"start":{"line":250,"column":4},"end":{"line":252,"column":null}},"58":{"start":{"line":251,"column":6},"end":{"line":251,"column":null}},"59":{"start":{"line":255,"column":2},"end":{"line":317,"column":null}},"60":{"start":{"line":272,"column":33},"end":{"line":272,"column":null}}},"fnMap":{"0":{"name":"(anonymous_0)","decl":{"start":{"line":82,"column":23},"end":{"line":82,"column":24}},"loc":{"start":{"line":83,"column":4},"end":{"line":83,"column":null}},"line":83},"1":{"name":"(anonymous_1)","decl":{"start":{"line":84,"column":21},"end":{"line":84,"column":22}},"loc":{"start":{"line":84,"column":37},"end":{"line":84,"column":null}},"line":84},"2":{"name":"(anonymous_2)","decl":{"start":{"line":86,"column":18},"end":{"line":86,"column":19}},"loc":{"start":{"line":86,"column":34},"end":{"line":86,"column":null}},"line":86},"3":{"name":"(anonymous_3)","decl":{"start":{"line":88,"column":16},"end":{"line":88,"column":17}},"loc":{"start":{"line":88,"column":37},"end":{"line":88,"column":null}},"line":88},"4":{"name":"(anonymous_4)","decl":{"start":{"line":91,"column":21},"end":{"line":91,"column":22}},"loc":{"start":{"line":92,"column":2},"end":{"line":94,"column":null}},"line":92},"5":{"name":"(anonymous_5)","decl":{"start":{"line":97,"column":19},"end":{"line":97,"column":20}},"loc":{"start":{"line":105,"column":2},"end":{"line":117,"column":null}},"line":105},"6":{"name":"(anonymous_6)","decl":{"start":{"line":112,"column":16},"end":{"line":112,"column":17}},"loc":{"start":{"line":112,"column":23},"end":{"line":112,"column":null}},"line":112},"7":{"name":"(anonymous_7)","decl":{"start":{"line":120,"column":23},"end":{"line":120,"column":null}},"loc":{"start":{"line":121,"column":2},"end":{"line":140,"column":null}},"line":121},"8":{"name":"(anonymous_8)","decl":{"start":{"line":143,"column":22},"end":{"line":143,"column":23}},"loc":{"start":{"line":149,"column":2},"end":{"line":162,"column":null}},"line":149},"9":{"name":"Login","decl":{"start":{"line":166,"column":9},"end":{"line":166,"column":17}},"loc":{"start":{"line":166,"column":17},"end":{"line":319,"column":null}},"line":166},"10":{"name":"(anonymous_10)","decl":{"start":{"line":183,"column":25},"end":{"line":183,"column":40}},"loc":{"start":{"line":183,"column":40},"end":{"line":200,"column":null}},"line":183},"11":{"name":"(anonymous_11)","decl":{"start":{"line":205,"column":22},"end":{"line":205,"column":34}},"loc":{"start":{"line":205,"column":34},"end":{"line":237,"column":null}},"line":205},"12":{"name":"(anonymous_12)","decl":{"start":{"line":240,"column":27},"end":{"line":240,"column":28}},"loc":{"start":{"line":240,"column":46},"end":{"line":246,"column":null}},"line":240},"13":{"name":"(anonymous_13)","decl":{"start":{"line":249,"column":25},"end":{"line":249,"column":26}},"loc":{"start":{"line":249,"column":53},"end":{"line":253,"column":null}},"line":249},"14":{"name":"(anonymous_14)","decl":{"start":{"line":272,"column":22},"end":{"line":272,"column":23}},"loc":{"start":{"line":272,"column":33},"end":{"line":272,"column":null}},"line":272}},"branchMap":{"0":{"loc":{"start":{"line":103,"column":2},"end":{"line":103,"column":null}},"type":"default-arg","locations":[{"start":{"line":103,"column":14},"end":{"line":103,"column":null}}],"line":103},"1":{"loc":{"start":{"line":154,"column":5},"end":{"line":160,"column":null}},"type":"cond-expr","locations":[{"start":{"line":155,"column":6},"end":{"line":158,"column":null}},{"start":{"line":160,"column":6},"end":{"line":160,"column":null}}],"line":154},"2":{"loc":{"start":{"line":160,"column":6},"end":{"line":160,"column":null}},"type":"cond-expr","locations":[{"start":{"line":160,"column":25},"end":{"line":160,"column":37}},{"start":{"line":160,"column":37},"end":{"line":160,"column":null}}],"line":160},"3":{"loc":{"start":{"line":184,"column":4},"end":{"line":187,"column":null}},"type":"if","locations":[{"start":{"line":184,"column":4},"end":{"line":187,"column":null}},{"start":{},"end":{}}],"line":184},"4":{"loc":{"start":{"line":189,"column":4},"end":{"line":192,"column":null}},"type":"if","locations":[{"start":{"line":189,"column":4},"end":{"line":192,"column":null}},{"start":{},"end":{}}],"line":189},"5":{"loc":{"start":{"line":189,"column":8},"end":{"line":189,"column":46}},"type":"binary-expr","locations":[{"start":{"line":189,"column":8},"end":{"line":189,"column":35}},{"start":{"line":189,"column":35},"end":{"line":189,"column":46}}],"line":189},"6":{"loc":{"start":{"line":194,"column":4},"end":{"line":197,"column":null}},"type":"if","locations":[{"start":{"line":194,"column":4},"end":{"line":197,"column":null}},{"start":{},"end":{}}],"line":194},"7":{"loc":{"start":{"line":194,"column":8},"end":{"line":194,"column":44}},"type":"binary-expr","locations":[{"start":{"line":194,"column":8},"end":{"line":194,"column":30}},{"start":{"line":194,"column":30},"end":{"line":194,"column":44}}],"line":194},"8":{"loc":{"start":{"line":206,"column":4},"end":{"line":206,"column":null}},"type":"if","locations":[{"start":{"line":206,"column":4},"end":{"line":206,"column":null}},{"start":{},"end":{}}],"line":206},"9":{"loc":{"start":{"line":216,"column":18},"end":{"line":216,"column":null}},"type":"cond-expr","locations":[{"start":{"line":216,"column":44},"end":{"line":216,"column":55}},{"start":{"line":216,"column":55},"end":{"line":216,"column":null}}],"line":216},"10":{"loc":{"start":{"line":217,"column":21},"end":{"line":217,"column":null}},"type":"cond-expr","locations":[{"start":{"line":217,"column":42},"end":{"line":217,"column":56}},{"start":{"line":217,"column":56},"end":{"line":217,"column":null}}],"line":217},"11":{"loc":{"start":{"line":220,"column":6},"end":{"line":230,"column":null}},"type":"if","locations":[{"start":{"line":220,"column":6},"end":{"line":230,"column":null}},{"start":{},"end":{}}],"line":220},"12":{"loc":{"start":{"line":220,"column":10},"end":{"line":220,"column":63}},"type":"binary-expr","locations":[{"start":{"line":220,"column":10},"end":{"line":220,"column":30}},{"start":{"line":220,"column":30},"end":{"line":220,"column":48}},{"start":{"line":220,"column":48},"end":{"line":220,"column":63}}],"line":220},"13":{"loc":{"start":{"line":250,"column":4},"end":{"line":252,"column":null}},"type":"if","locations":[{"start":{"line":250,"column":4},"end":{"line":252,"column":null}},{"start":{},"end":{}}],"line":250},"14":{"loc":{"start":{"line":265,"column":9},"end":{"line":265,"column":null}},"type":"binary-expr","locations":[{"start":{"line":265,"column":9},"end":{"line":265,"column":18}},{"start":{"line":265,"column":18},"end":{"line":265,"column":null}}],"line":265},"15":{"loc":{"start":{"line":287,"column":11},"end":{"line":294,"column":null}},"type":"binary-expr","locations":[{"start":{"line":287,"column":11},"end":{"line":287,"column":null}},{"start":{"line":288,"column":12},"end":{"line":294,"column":null}}],"line":287},"16":{"loc":{"start":{"line":298,"column":11},"end":{"line":305,"column":null}},"type":"binary-expr","locations":[{"start":{"line":298,"column":11},"end":{"line":298,"column":null}},{"start":{"line":299,"column":12},"end":{"line":305,"column":null}}],"line":298}},"s":{"0":1,"1":1,"2":1,"3":0,"4":0,"5":0,"6":1,"7":1,"8":1,"9":1,"10":22,"11":4,"12":1,"13":2,"14":1,"15":11,"16":12,"17":12,"18":12,"19":12,"20":12,"21":12,"22":12,"23":12,"24":12,"25":12,"26":2,"27":0,"28":0,"29":2,"30":0,"31":0,"32":2,"33":0,"34":0,"35":2,"36":12,"37":2,"38":0,"39":2,"40":2,"41":2,"42":2,"43":1,"44":1,"45":1,"46":1,"47":1,"48":1,"49":2,"50":12,"51":1,"52":1,"53":1,"54":1,"55":1,"56":12,"57":0,"58":0,"59":12,"60":1},"f":{"0":0,"1":0,"2":0,"3":1,"4":1,"5":22,"6":4,"7":2,"8":11,"9":12,"10":2,"11":2,"12":1,"13":0,"14":1},"b":{"0":[22],"1":[2,9],"2":[4,5],"3":[0,2],"4":[0,2],"5":[2,1],"6":[0,2],"7":[2,1],"8":[0,2],"9":[1,1],"10":[1,1],"11":[1,0],"12":[1,1,1],"13":[0,0],"14":[12,1],"15":[12,5],"16":[12,6]},"meta":{"lastBranch":17,"lastFunction":15,"lastStatement":61,"seen":{"s:47:46:72:Infinity":0,"s:74:55:79:Infinity":1,"s:81:23:89:Infinity":2,"f:82:23:82:24":0,"s:83:4:83:Infinity":3,"f:84:21:84:22":1,"s:84:37:84:Infinity":4,"f:86:18:86:19":2,"s:86:34:86:Infinity":5,"f:88:16:88:17":3,"s:88:37:88:Infinity":6,"s:91:21:94:Infinity":7,"f:91:21:91:22":4,"s:92:2:94:Infinity":8,"s:97:19:117:Infinity":9,"f:97:19:97:20":5,"s:105:2:117:Infinity":10,"b:103:14:103:Infinity":0,"f:112:16:112:17":6,"s:112:23:112:Infinity":11,"s:120:23:140:Infinity":12,"f:120:23:120:Infinity":7,"s:121:2:140:Infinity":13,"s:143:22:162:Infinity":14,"f:143:22:143:23":8,"s:149:2:162:Infinity":15,"b:155:6:158:Infinity:160:6:160:Infinity":1,"b:160:25:160:37:160:37:160:Infinity":2,"f:166:9:166:17":9,"s:167:8:167:Infinity":16,"s:168:16:168:Infinity":17,"s:171:22:171:Infinity":18,"s:172:34:172:Infinity":19,"s:173:30:173:Infinity":20,"s:174:36:174:Infinity":21,"s:175:28:175:Infinity":22,"s:176:24:176:Infinity":23,"s:178:17:178:Infinity":24,"s:183:25:200:Infinity":25,"f:183:25:183:40":10,"b:184:4:187:Infinity:undefined:undefined:undefined:undefined":3,"s:184:4:187:Infinity":26,"s:185:6:185:Infinity":27,"s:186:6:186:Infinity":28,"b:189:4:192:Infinity:undefined:undefined:undefined:undefined":4,"s:189:4:192:Infinity":29,"b:189:8:189:35:189:35:189:46":5,"s:190:6:190:Infinity":30,"s:191:6:191:Infinity":31,"b:194:4:197:Infinity:undefined:undefined:undefined:undefined":6,"s:194:4:197:Infinity":32,"b:194:8:194:30:194:30:194:44":7,"s:195:6:195:Infinity":33,"s:196:6:196:Infinity":34,"s:199:4:199:Infinity":35,"s:205:22:237:Infinity":36,"f:205:22:205:34":11,"b:206:4:206:Infinity:undefined:undefined:undefined:undefined":8,"s:206:4:206:Infinity":37,"s:206:27:206:Infinity":38,"s:208:4:208:Infinity":39,"s:209:4:209:Infinity":40,"s:211:4:236:Infinity":41,"s:213:23:218:Infinity":42,"b:216:44:216:55:216:55:216:Infinity":9,"b:217:42:217:56:217:56:217:Infinity":10,"b:220:6:230:Infinity:undefined:undefined:undefined:undefined":11,"s:220:6:230:Infinity":43,"b:220:10:220:30:220:30:220:48:220:48:220:63":12,"s:221:27:226:Infinity":44,"s:228:8:228:Infinity":45,"s:229:8:229:Infinity":46,"s:232:6:232:Infinity":47,"s:233:6:233:Infinity":48,"s:235:6:235:Infinity":49,"s:240:27:246:Infinity":50,"f:240:27:240:28":12,"s:241:4:241:Infinity":51,"s:242:4:242:Infinity":52,"s:243:4:243:Infinity":53,"s:244:4:244:Infinity":54,"s:245:4:245:Infinity":55,"s:249:25:253:Infinity":56,"f:249:25:249:26":13,"b:250:4:252:Infinity:undefined:undefined:undefined:undefined":13,"s:250:4:252:Infinity":57,"s:251:6:251:Infinity":58,"s:255:2:317:Infinity":59,"b:265:9:265:18:265:18:265:Infinity":14,"f:272:22:272:23":14,"s:272:33:272:Infinity":60,"b:287:11:287:Infinity:288:12:294:Infinity":15,"b:298:11:298:Infinity:299:12:305:Infinity":16}}}
,"C:\\Users\\akash\\desktop\\studentManagementSystem\\StudentManagement\\src\\components\\Navbar\\Navbar.tsx": {"path":"C:\\Users\\akash\\desktop\\studentManagementSystem\\StudentManagement\\src\\components\\Navbar\\Navbar.tsx","statementMap":{"0":{"start":{"line":46,"column":36},"end":{"line":50,"column":null}},"1":{"start":{"line":52,"column":48},"end":{"line":70,"column":null}},"2":{"start":{"line":72,"column":23},"end":{"line":74,"column":null}},"3":{"start":{"line":73,"column":2},"end":{"line":73,"column":null}},"4":{"start":{"line":77,"column":20},"end":{"line":85,"column":null}},"5":{"start":{"line":78,"column":2},"end":{"line":85,"column":null}},"6":{"start":{"line":88,"column":23},"end":{"line":93,"column":null}},"7":{"start":{"line":89,"column":2},"end":{"line":93,"column":null}},"8":{"start":{"line":91,"column":6},"end":{"line":91,"column":null}},"9":{"start":{"line":96,"column":26},"end":{"line":108,"column":null}},"10":{"start":{"line":97,"column":2},"end":{"line":97,"column":null}},"11":{"start":{"line":97,"column":13},"end":{"line":97,"column":null}},"12":{"start":{"line":99,"column":16},"end":{"line":99,"column":null}},"13":{"start":{"line":101,"column":2},"end":{"line":106,"column":null}},"14":{"start":{"line":104,"column":8},"end":{"line":104,"column":null}},"15":{"start":{"line":110,"column":19},"end":{"line":113,"column":null}},"16":{"start":{"line":111,"column":2},"end":{"line":113,"column":null}},"17":{"start":{"line":116,"column":21},"end":{"line":132,"column":null}},"18":{"start":{"line":117,"column":2},"end":{"line":132,"column":null}},"19":{"start":{"line":135,"column":17},"end":{"line":146,"column":null}},"20":{"start":{"line":136,"column":2},"end":{"line":146,"column":null}},"21":{"start":{"line":149,"column":20},"end":{"line":158,"column":null}},"22":{"start":{"line":150,"column":2},"end":{"line":158,"column":null}},"23":{"start":{"line":161,"column":19},"end":{"line":206,"column":null}},"24":{"start":{"line":172,"column":2},"end":{"line":172,"column":null}},"25":{"start":{"line":172,"column":15},"end":{"line":172,"column":null}},"26":{"start":{"line":174,"column":2},"end":{"line":204,"column":null}},"27":{"start":{"line":208,"column":13},"end":{"line":214,"column":null}},"28":{"start":{"line":209,"column":2},"end":{"line":214,"column":null}},"29":{"start":{"line":219,"column":23},"end":{"line":219,"column":null}},"30":{"start":{"line":221,"column":22},"end":{"line":221,"column":null}},"31":{"start":{"line":223,"column":23},"end":{"line":226,"column":null}},"32":{"start":{"line":224,"column":4},"end":{"line":224,"column":null}},"33":{"start":{"line":225,"column":4},"end":{"line":225,"column":null}},"34":{"start":{"line":228,"column":26},"end":{"line":230,"column":null}},"35":{"start":{"line":229,"column":4},"end":{"line":229,"column":null}},"36":{"start":{"line":232,"column":2},"end":{"line":269,"column":null}},"37":{"start":{"line":247,"column":30},"end":{"line":247,"column":null}},"38":{"start":{"line":256,"column":25},"end":{"line":256,"column":null}}},"fnMap":{"0":{"name":"(anonymous_0)","decl":{"start":{"line":72,"column":23},"end":{"line":72,"column":24}},"loc":{"start":{"line":72,"column":49},"end":{"line":74,"column":null}},"line":72},"1":{"name":"(anonymous_1)","decl":{"start":{"line":77,"column":20},"end":{"line":77,"column":21}},"loc":{"start":{"line":78,"column":2},"end":{"line":85,"column":null}},"line":78},"2":{"name":"(anonymous_2)","decl":{"start":{"line":88,"column":23},"end":{"line":88,"column":24}},"loc":{"start":{"line":89,"column":2},"end":{"line":93,"column":null}},"line":89},"3":{"name":"(anonymous_3)","decl":{"start":{"line":90,"column":26},"end":{"line":90,"column":27}},"loc":{"start":{"line":91,"column":6},"end":{"line":91,"column":null}},"line":91},"4":{"name":"(anonymous_4)","decl":{"start":{"line":96,"column":26},"end":{"line":96,"column":27}},"loc":{"start":{"line":96,"column":68},"end":{"line":108,"column":null}},"line":96},"5":{"name":"(anonymous_5)","decl":{"start":{"line":103,"column":17},"end":{"line":103,"column":18}},"loc":{"start":{"line":104,"column":8},"end":{"line":104,"column":null}},"line":104},"6":{"name":"(anonymous_6)","decl":{"start":{"line":110,"column":19},"end":{"line":110,"column":20}},"loc":{"start":{"line":111,"column":2},"end":{"line":113,"column":null}},"line":111},"7":{"name":"(anonymous_7)","decl":{"start":{"line":116,"column":21},"end":{"line":116,"column":22}},"loc":{"start":{"line":117,"column":2},"end":{"line":132,"column":null}},"line":117},"8":{"name":"(anonymous_8)","decl":{"start":{"line":135,"column":17},"end":{"line":135,"column":18}},"loc":{"start":{"line":136,"column":2},"end":{"line":146,"column":null}},"line":136},"9":{"name":"(anonymous_9)","decl":{"start":{"line":149,"column":20},"end":{"line":149,"column":21}},"loc":{"start":{"line":150,"column":2},"end":{"line":158,"column":null}},"line":150},"10":{"name":"(anonymous_10)","decl":{"start":{"line":161,"column":19},"end":{"line":161,"column":20}},"loc":{"start":{"line":171,"column":6},"end":{"line":206,"column":null}},"line":171},"11":{"name":"(anonymous_11)","decl":{"start":{"line":208,"column":13},"end":{"line":208,"column":null}},"loc":{"start":{"line":209,"column":2},"end":{"line":214,"column":null}},"line":209},"12":{"name":"Navbar","decl":{"start":{"line":218,"column":9},"end":{"line":218,"column":18}},"loc":{"start":{"line":218,"column":18},"end":{"line":271,"column":null}},"line":218},"13":{"name":"(anonymous_13)","decl":{"start":{"line":223,"column":23},"end":{"line":223,"column":29}},"loc":{"start":{"line":223,"column":29},"end":{"line":226,"column":null}},"line":223},"14":{"name":"(anonymous_14)","decl":{"start":{"line":228,"column":26},"end":{"line":228,"column":32}},"loc":{"start":{"line":228,"column":32},"end":{"line":230,"column":null}},"line":228},"15":{"name":"(anonymous_15)","decl":{"start":{"line":247,"column":24},"end":{"line":247,"column":30}},"loc":{"start":{"line":247,"column":30},"end":{"line":247,"column":null}},"line":247},"16":{"name":"(anonymous_16)","decl":{"start":{"line":256,"column":19},"end":{"line":256,"column":25}},"loc":{"start":{"line":256,"column":25},"end":{"line":256,"column":null}},"line":256}},"branchMap":{"0":{"loc":{"start":{"line":83,"column":5},"end":{"line":83,"column":null}},"type":"binary-expr","locations":[{"start":{"line":83,"column":5},"end":{"line":83,"column":13}},{"start":{"line":83,"column":13},"end":{"line":83,"column":null}}],"line":83},"1":{"loc":{"start":{"line":97,"column":2},"end":{"line":97,"column":null}},"type":"if","locations":[{"start":{"line":97,"column":2},"end":{"line":97,"column":null}},{"start":{},"end":{}}],"line":97},"2":{"loc":{"start":{"line":99,"column":16},"end":{"line":99,"column":null}},"type":"binary-expr","locations":[{"start":{"line":99,"column":16},"end":{"line":99,"column":40}},{"start":{"line":99,"column":40},"end":{"line":99,"column":null}}],"line":99},"3":{"loc":{"start":{"line":145,"column":5},"end":{"line":145,"column":null}},"type":"binary-expr","locations":[{"start":{"line":145,"column":5},"end":{"line":145,"column":15}},{"start":{"line":145,"column":15},"end":{"line":145,"column":null}}],"line":145},"4":{"loc":{"start":{"line":172,"column":2},"end":{"line":172,"column":null}},"type":"if","locations":[{"start":{"line":172,"column":2},"end":{"line":172,"column":null}},{"start":{},"end":{}}],"line":172},"5":{"loc":{"start":{"line":178,"column":7},"end":{"line":202,"column":null}},"type":"cond-expr","locations":[{"start":{"line":179,"column":8},"end":{"line":194,"column":null}},{"start":{"line":196,"column":8},"end":{"line":202,"column":null}}],"line":178},"6":{"loc":{"start":{"line":241,"column":11},"end":{"line":249,"column":null}},"type":"cond-expr","locations":[{"start":{"line":242,"column":12},"end":{"line":242,"column":null}},{"start":{"line":244,"column":12},"end":{"line":249,"column":null}}],"line":241},"7":{"loc":{"start":{"line":258,"column":11},"end":{"line":258,"column":null}},"type":"cond-expr","locations":[{"start":{"line":258,"column":18},"end":{"line":258,"column":46}},{"start":{"line":258,"column":46},"end":{"line":258,"column":null}}],"line":258}},"s":{"0":1,"1":1,"2":1,"3":2,"4":1,"5":41,"6":1,"7":4,"8":12,"9":1,"10":14,"11":4,"12":10,"13":14,"14":29,"15":1,"16":8,"17":1,"18":2,"19":1,"20":8,"21":1,"22":3,"23":1,"24":11,"25":8,"26":3,"27":1,"28":11,"29":11,"30":11,"31":11,"32":1,"33":1,"34":11,"35":0,"36":11,"37":3,"38":1},"f":{"0":2,"1":41,"2":4,"3":12,"4":14,"5":29,"6":8,"7":2,"8":8,"9":3,"10":11,"11":11,"12":11,"13":1,"14":0,"15":3,"16":1},"b":{"0":[41,29],"1":[4,10],"2":[10,0],"3":[8,2],"4":[8,3],"5":[1,2],"6":[3,8],"7":[3,8]},"meta":{"lastBranch":8,"lastFunction":17,"lastStatement":39,"seen":{"s:46:36:50:Infinity":0,"s:52:48:70:Infinity":1,"s:72:23:74:Infinity":2,"f:72:23:72:24":0,"s:73:2:73:Infinity":3,"s:77:20:85:Infinity":4,"f:77:20:77:21":1,"s:78:2:85:Infinity":5,"b:83:5:83:13:83:13:83:Infinity":0,"s:88:23:93:Infinity":6,"f:88:23:88:24":2,"s:89:2:93:Infinity":7,"f:90:26:90:27":3,"s:91:6:91:Infinity":8,"s:96:26:108:Infinity":9,"f:96:26:96:27":4,"b:97:2:97:Infinity:undefined:undefined:undefined:undefined":1,"s:97:2:97:Infinity":10,"s:97:13:97:Infinity":11,"s:99:16:99:Infinity":12,"b:99:16:99:40:99:40:99:Infinity":2,"s:101:2:106:Infinity":13,"f:103:17:103:18":5,"s:104:8:104:Infinity":14,"s:110:19:113:Infinity":15,"f:110:19:110:20":6,"s:111:2:113:Infinity":16,"s:116:21:132:Infinity":17,"f:116:21:116:22":7,"s:117:2:132:Infinity":18,"s:135:17:146:Infinity":19,"f:135:17:135:18":8,"s:136:2:146:Infinity":20,"b:145:5:145:15:145:15:145:Infinity":3,"s:149:20:158:Infinity":21,"f:149:20:149:21":9,"s:150:2:158:Infinity":22,"s:161:19:206:Infinity":23,"f:161:19:161:20":10,"b:172:2:172:Infinity:undefined:undefined:undefined:undefined":4,"s:172:2:172:Infinity":24,"s:172:15:172:Infinity":25,"s:174:2:204:Infinity":26,"b:179:8:194:Infinity:196:8:202:Infinity":5,"s:208:13:214:Infinity":27,"f:208:13:208:Infinity":11,"s:209:2:214:Infinity":28,"f:218:9:218:18":12,"s:219:23:219:Infinity":29,"s:221:22:221:Infinity":30,"s:223:23:226:Infinity":31,"f:223:23:223:29":13,"s:224:4:224:Infinity":32,"s:225:4:225:Infinity":33,"s:228:26:230:Infinity":34,"f:228:26:228:32":14,"s:229:4:229:Infinity":35,"s:232:2:269:Infinity":36,"b:242:12:242:Infinity:244:12:249:Infinity":6,"f:247:24:247:30":15,"s:247:30:247:Infinity":37,"f:256:19:256:25":16,"s:256:25:256:Infinity":38,"b:258:18:258:46:258:46:258:Infinity":7}}}
,"C:\\Users\\akash\\desktop\\studentManagementSystem\\StudentManagement\\src\\components\\Need\\Need.tsx": {"path":"C:\\Users\\akash\\desktop\\studentManagementSystem\\StudentManagement\\src\\components\\Need\\Need.tsx","statementMap":{"0":{"start":{"line":14,"column":37},"end":{"line":18,"column":null}},"1":{"start":{"line":20,"column":38},"end":{"line":24,"column":null}},"2":{"start":{"line":26,"column":16},"end":{"line":33,"column":null}},"3":{"start":{"line":35,"column":19},"end":{"line":35,"column":null}},"4":{"start":{"line":53,"column":20},"end":{"line":67,"column":null}},"5":{"start":{"line":54,"column":27},"end":{"line":54,"column":null}},"6":{"start":{"line":55,"column":2},"end":{"line":65,"column":null}},"7":{"start":{"line":58,"column":8},"end":{"line":63,"column":null}},"8":{"start":{"line":69,"column":23},"end":{"line":84,"column":null}},"9":{"start":{"line":70,"column":2},"end":{"line":84,"column":null}},"10":{"start":{"line":76,"column":6},"end":{"line":78,"column":null}},"11":{"start":{"line":87,"column":21},"end":{"line":99,"column":null}},"12":{"start":{"line":88,"column":2},"end":{"line":99,"column":null}},"13":{"start":{"line":103,"column":13},"end":{"line":119,"column":null}},"14":{"start":{"line":104,"column":2},"end":{"line":117,"column":null}}},"fnMap":{"0":{"name":"(anonymous_0)","decl":{"start":{"line":53,"column":20},"end":{"line":53,"column":21}},"loc":{"start":{"line":53,"column":75},"end":{"line":67,"column":null}},"line":53},"1":{"name":"(anonymous_1)","decl":{"start":{"line":57,"column":28},"end":{"line":57,"column":29}},"loc":{"start":{"line":58,"column":8},"end":{"line":63,"column":null}},"line":58},"2":{"name":"(anonymous_2)","decl":{"start":{"line":69,"column":23},"end":{"line":69,"column":24}},"loc":{"start":{"line":70,"column":2},"end":{"line":84,"column":null}},"line":70},"3":{"name":"(anonymous_3)","decl":{"start":{"line":75,"column":20},"end":{"line":75,"column":21}},"loc":{"start":{"line":76,"column":6},"end":{"line":78,"column":null}},"line":76},"4":{"name":"(anonymous_4)","decl":{"start":{"line":87,"column":21},"end":{"line":87,"column":null}},"loc":{"start":{"line":88,"column":2},"end":{"line":99,"column":null}},"line":88},"5":{"name":"(anonymous_5)","decl":{"start":{"line":103,"column":13},"end":{"line":103,"column":19}},"loc":{"start":{"line":103,"column":19},"end":{"line":119,"column":null}},"line":103}},"branchMap":{},"s":{"0":1,"1":1,"2":1,"3":1,"4":1,"5":10,"6":10,"7":60,"8":1,"9":5,"10":10,"11":1,"12":5,"13":1,"14":5},"f":{"0":10,"1":60,"2":5,"3":10,"4":5,"5":5},"b":{},"meta":{"lastBranch":0,"lastFunction":6,"lastStatement":15,"seen":{"s:14:37:18:Infinity":0,"s:20:38:24:Infinity":1,"s:26:16:33:Infinity":2,"s:35:19:35:Infinity":3,"s:53:20:67:Infinity":4,"f:53:20:53:21":0,"s:54:27:54:Infinity":5,"s:55:2:65:Infinity":6,"f:57:28:57:29":1,"s:58:8:63:Infinity":7,"s:69:23:84:Infinity":8,"f:69:23:69:24":2,"s:70:2:84:Infinity":9,"f:75:20:75:21":3,"s:76:6:78:Infinity":10,"s:87:21:99:Infinity":11,"f:87:21:87:Infinity":4,"s:88:2:99:Infinity":12,"s:103:13:119:Infinity":13,"f:103:13:103:19":5,"s:104:2:117:Infinity":14}}}
,"C:\\Users\\akash\\desktop\\studentManagementSystem\\StudentManagement\\src\\components\\Signup\\Signup.tsx": {"path":"C:\\Users\\akash\\desktop\\studentManagementSystem\\StudentManagement\\src\\components\\Signup\\Signup.tsx","statementMap":{"0":{"start":{"line":39,"column":37},"end":{"line":44,"column":null}},"1":{"start":{"line":46,"column":39},"end":{"line":75,"column":null}},"2":{"start":{"line":77,"column":25},"end":{"line":81,"column":null}},"3":{"start":{"line":83,"column":23},"end":{"line":90,"column":null}},"4":{"start":{"line":89,"column":37},"end":{"line":89,"column":null}},"5":{"start":{"line":92,"column":25},"end":{"line":94,"column":null}},"6":{"start":{"line":96,"column":15},"end":{"line":99,"column":null}},"7":{"start":{"line":102,"column":21},"end":{"line":122,"column":null}},"8":{"start":{"line":103,"column":29},"end":{"line":103,"column":null}},"9":{"start":{"line":105,"column":2},"end":{"line":107,"column":null}},"10":{"start":{"line":106,"column":4},"end":{"line":106,"column":null}},"11":{"start":{"line":109,"column":2},"end":{"line":111,"column":null}},"12":{"start":{"line":110,"column":4},"end":{"line":110,"column":null}},"13":{"start":{"line":113,"column":2},"end":{"line":115,"column":null}},"14":{"start":{"line":114,"column":4},"end":{"line":114,"column":null}},"15":{"start":{"line":117,"column":2},"end":{"line":119,"column":null}},"16":{"start":{"line":118,"column":4},"end":{"line":118,"column":null}},"17":{"start":{"line":121,"column":2},"end":{"line":121,"column":null}},"18":{"start":{"line":125,"column":15},"end":{"line":132,"column":null}},"19":{"start":{"line":126,"column":2},"end":{"line":132,"column":null}},"20":{"start":{"line":135,"column":21},"end":{"line":139,"column":null}},"21":{"start":{"line":136,"column":2},"end":{"line":139,"column":null}},"22":{"start":{"line":142,"column":19},"end":{"line":167,"column":null}},"23":{"start":{"line":143,"column":15},"end":{"line":143,"column":null}},"24":{"start":{"line":145,"column":2},"end":{"line":165,"column":null}},"25":{"start":{"line":169,"column":23},"end":{"line":170,"column":null}},"26":{"start":{"line":170,"column":2},"end":{"line":170,"column":null}},"27":{"start":{"line":173,"column":21},"end":{"line":190,"column":null}},"28":{"start":{"line":174,"column":2},"end":{"line":190,"column":null}},"29":{"start":{"line":193,"column":18},"end":{"line":199,"column":null}},"30":{"start":{"line":194,"column":2},"end":{"line":199,"column":null}},"31":{"start":{"line":204,"column":8},"end":{"line":204,"column":null}},"32":{"start":{"line":205,"column":16},"end":{"line":205,"column":null}},"33":{"start":{"line":207,"column":22},"end":{"line":207,"column":null}},"34":{"start":{"line":208,"column":26},"end":{"line":208,"column":null}},"35":{"start":{"line":209,"column":28},"end":{"line":209,"column":null}},"36":{"start":{"line":211,"column":19},"end":{"line":211,"column":null}},"37":{"start":{"line":213,"column":23},"end":{"line":221,"column":null}},"38":{"start":{"line":214,"column":28},"end":{"line":214,"column":null}},"39":{"start":{"line":215,"column":4},"end":{"line":215,"column":null}},"40":{"start":{"line":215,"column":23},"end":{"line":215,"column":50}},"41":{"start":{"line":218,"column":4},"end":{"line":220,"column":null}},"42":{"start":{"line":219,"column":6},"end":{"line":219,"column":null}},"43":{"start":{"line":219,"column":27},"end":{"line":219,"column":51}},"44":{"start":{"line":223,"column":23},"end":{"line":275,"column":null}},"45":{"start":{"line":224,"column":4},"end":{"line":224,"column":null}},"46":{"start":{"line":226,"column":29},"end":{"line":226,"column":null}},"47":{"start":{"line":227,"column":4},"end":{"line":230,"column":null}},"48":{"start":{"line":228,"column":6},"end":{"line":228,"column":null}},"49":{"start":{"line":229,"column":6},"end":{"line":229,"column":null}},"50":{"start":{"line":232,"column":4},"end":{"line":232,"column":null}},"51":{"start":{"line":234,"column":4},"end":{"line":274,"column":null}},"52":{"start":{"line":236,"column":35},"end":{"line":238,"column":null}},"53":{"start":{"line":240,"column":6},"end":{"line":244,"column":null}},"54":{"start":{"line":241,"column":8},"end":{"line":241,"column":null}},"55":{"start":{"line":242,"column":8},"end":{"line":242,"column":null}},"56":{"start":{"line":243,"column":8},"end":{"line":243,"column":null}},"57":{"start":{"line":247,"column":23},"end":{"line":252,"column":null}},"58":{"start":{"line":254,"column":6},"end":{"line":268,"column":null}},"59":{"start":{"line":255,"column":21},"end":{"line":260,"column":null}},"60":{"start":{"line":262,"column":8},"end":{"line":262,"column":null}},"61":{"start":{"line":266,"column":8},"end":{"line":266,"column":null}},"62":{"start":{"line":267,"column":8},"end":{"line":267,"column":null}},"63":{"start":{"line":270,"column":6},"end":{"line":270,"column":null}},"64":{"start":{"line":271,"column":6},"end":{"line":271,"column":null}},"65":{"start":{"line":273,"column":6},"end":{"line":273,"column":null}},"66":{"start":{"line":277,"column":2},"end":{"line":298,"column":null}},"67":{"start":{"line":284,"column":12},"end":{"line":290,"column":null}}},"fnMap":{"0":{"name":"(anonymous_0)","decl":{"start":{"line":89,"column":16},"end":{"line":89,"column":17}},"loc":{"start":{"line":89,"column":37},"end":{"line":89,"column":null}},"line":89},"1":{"name":"(anonymous_1)","decl":{"start":{"line":102,"column":21},"end":{"line":102,"column":22}},"loc":{"start":{"line":102,"column":53},"end":{"line":122,"column":null}},"line":102},"2":{"name":"(anonymous_2)","decl":{"start":{"line":125,"column":15},"end":{"line":125,"column":null}},"loc":{"start":{"line":126,"column":2},"end":{"line":132,"column":null}},"line":126},"3":{"name":"(anonymous_3)","decl":{"start":{"line":135,"column":21},"end":{"line":135,"column":22}},"loc":{"start":{"line":136,"column":2},"end":{"line":139,"column":null}},"line":136},"4":{"name":"(anonymous_4)","decl":{"start":{"line":142,"column":19},"end":{"line":142,"column":20}},"loc":{"start":{"line":142,"column":76},"end":{"line":167,"column":null}},"line":142},"5":{"name":"(anonymous_5)","decl":{"start":{"line":169,"column":23},"end":{"line":169,"column":null}},"loc":{"start":{"line":170,"column":2},"end":{"line":170,"column":null}},"line":170},"6":{"name":"(anonymous_6)","decl":{"start":{"line":173,"column":21},"end":{"line":173,"column":22}},"loc":{"start":{"line":174,"column":2},"end":{"line":190,"column":null}},"line":174},"7":{"name":"(anonymous_7)","decl":{"start":{"line":193,"column":18},"end":{"line":193,"column":null}},"loc":{"start":{"line":194,"column":2},"end":{"line":199,"column":null}},"line":194},"8":{"name":"Signup","decl":{"start":{"line":203,"column":24},"end":{"line":203,"column":33}},"loc":{"start":{"line":203,"column":33},"end":{"line":300,"column":null}},"line":203},"9":{"name":"(anonymous_9)","decl":{"start":{"line":213,"column":23},"end":{"line":213,"column":24}},"loc":{"start":{"line":213,"column":67},"end":{"line":221,"column":null}},"line":213},"10":{"name":"(anonymous_10)","decl":{"start":{"line":215,"column":12},"end":{"line":215,"column":13}},"loc":{"start":{"line":215,"column":23},"end":{"line":215,"column":50}},"line":215},"11":{"name":"(anonymous_11)","decl":{"start":{"line":219,"column":16},"end":{"line":219,"column":17}},"loc":{"start":{"line":219,"column":27},"end":{"line":219,"column":51}},"line":219},"12":{"name":"(anonymous_12)","decl":{"start":{"line":223,"column":23},"end":{"line":223,"column":30}},"loc":{"start":{"line":223,"column":53},"end":{"line":275,"column":null}},"line":223},"13":{"name":"(anonymous_13)","decl":{"start":{"line":283,"column":27},"end":{"line":283,"column":28}},"loc":{"start":{"line":284,"column":12},"end":{"line":290,"column":null}},"line":284}},"branchMap":{"0":{"loc":{"start":{"line":105,"column":2},"end":{"line":107,"column":null}},"type":"if","locations":[{"start":{"line":105,"column":2},"end":{"line":107,"column":null}},{"start":{},"end":{}}],"line":105},"1":{"loc":{"start":{"line":109,"column":2},"end":{"line":111,"column":null}},"type":"if","locations":[{"start":{"line":109,"column":2},"end":{"line":111,"column":null}},{"start":{},"end":{}}],"line":109},"2":{"loc":{"start":{"line":113,"column":2},"end":{"line":115,"column":null}},"type":"if","locations":[{"start":{"line":113,"column":2},"end":{"line":115,"column":null}},{"start":{},"end":{}}],"line":113},"3":{"loc":{"start":{"line":117,"column":2},"end":{"line":119,"column":null}},"type":"if","locations":[{"start":{"line":117,"column":2},"end":{"line":119,"column":null}},{"start":{},"end":{}}],"line":117},"4":{"loc":{"start":{"line":158,"column":129},"end":{"line":160,"column":null}},"type":"cond-expr","locations":[{"start":{"line":159,"column":14},"end":{"line":159,"column":null}},{"start":{"line":160,"column":14},"end":{"line":160,"column":null}}],"line":158},"5":{"loc":{"start":{"line":164,"column":7},"end":{"line":164,"column":null}},"type":"binary-expr","locations":[{"start":{"line":164,"column":7},"end":{"line":164,"column":16}},{"start":{"line":164,"column":16},"end":{"line":164,"column":null}}],"line":164},"6":{"loc":{"start":{"line":177,"column":110},"end":{"line":179,"column":null}},"type":"cond-expr","locations":[{"start":{"line":178,"column":8},"end":{"line":178,"column":null}},{"start":{"line":179,"column":8},"end":{"line":179,"column":null}}],"line":177},"7":{"loc":{"start":{"line":182,"column":5},"end":{"line":188,"column":null}},"type":"cond-expr","locations":[{"start":{"line":183,"column":6},"end":{"line":186,"column":null}},{"start":{"line":188,"column":6},"end":{"line":188,"column":null}}],"line":182},"8":{"loc":{"start":{"line":218,"column":4},"end":{"line":220,"column":null}},"type":"if","locations":[{"start":{"line":218,"column":4},"end":{"line":220,"column":null}},{"start":{},"end":{}}],"line":218},"9":{"loc":{"start":{"line":227,"column":4},"end":{"line":230,"column":null}},"type":"if","locations":[{"start":{"line":227,"column":4},"end":{"line":230,"column":null}},{"start":{},"end":{}}],"line":227},"10":{"loc":{"start":{"line":240,"column":6},"end":{"line":244,"column":null}},"type":"if","locations":[{"start":{"line":240,"column":6},"end":{"line":244,"column":null}},{"start":{},"end":{}}],"line":240},"11":{"loc":{"start":{"line":240,"column":10},"end":{"line":240,"column":62}},"type":"binary-expr","locations":[{"start":{"line":240,"column":10},"end":{"line":240,"column":32}},{"start":{"line":240,"column":32},"end":{"line":240,"column":62}}],"line":240},"12":{"loc":{"start":{"line":254,"column":6},"end":{"line":268,"column":null}},"type":"if","locations":[{"start":{"line":254,"column":6},"end":{"line":268,"column":null}},{"start":{},"end":{}}],"line":254},"13":{"loc":{"start":{"line":254,"column":10},"end":{"line":254,"column":63}},"type":"binary-expr","locations":[{"start":{"line":254,"column":10},"end":{"line":254,"column":30}},{"start":{"line":254,"column":30},"end":{"line":254,"column":48}},{"start":{"line":254,"column":48},"end":{"line":254,"column":63}}],"line":254}},"s":{"0":1,"1":1,"2":1,"3":1,"4":0,"5":1,"6":1,"7":1,"8":3,"9":3,"10":2,"11":3,"12":2,"13":3,"14":2,"15":3,"16":2,"17":3,"18":1,"19":15,"20":1,"21":8,"22":1,"23":60,"24":60,"25":1,"26":2,"27":1,"28":15,"29":1,"30":15,"31":15,"32":15,"33":15,"34":15,"35":15,"36":15,"37":15,"38":6,"39":6,"40":6,"41":6,"42":0,"43":0,"44":15,"45":3,"46":3,"47":3,"48":2,"49":2,"50":1,"51":1,"52":1,"53":1,"54":0,"55":0,"56":0,"57":1,"58":1,"59":1,"60":1,"61":1,"62":1,"63":0,"64":0,"65":1,"66":15,"67":60},"f":{"0":0,"1":3,"2":15,"3":8,"4":60,"5":2,"6":15,"7":15,"8":15,"9":6,"10":6,"11":0,"12":3,"13":60},"b":{"0":[2,1],"1":[2,1],"2":[2,1],"3":[2,1],"4":[8,52],"5":[60,8],"6":[2,13],"7":[2,13],"8":[0,6],"9":[2,1],"10":[0,1],"11":[1,0],"12":[1,0],"13":[1,1,1]},"meta":{"lastBranch":14,"lastFunction":14,"lastStatement":68,"seen":{"s:39:37:44:Infinity":0,"s:46:39:75:Infinity":1,"s:77:25:81:Infinity":2,"s:83:23:90:Infinity":3,"f:89:16:89:17":0,"s:89:37:89:Infinity":4,"s:92:25:94:Infinity":5,"s:96:15:99:Infinity":6,"s:102:21:122:Infinity":7,"f:102:21:102:22":1,"s:103:29:103:Infinity":8,"b:105:2:107:Infinity:undefined:undefined:undefined:undefined":0,"s:105:2:107:Infinity":9,"s:106:4:106:Infinity":10,"b:109:2:111:Infinity:undefined:undefined:undefined:undefined":1,"s:109:2:111:Infinity":11,"s:110:4:110:Infinity":12,"b:113:2:115:Infinity:undefined:undefined:undefined:undefined":2,"s:113:2:115:Infinity":13,"s:114:4:114:Infinity":14,"b:117:2:119:Infinity:undefined:undefined:undefined:undefined":3,"s:117:2:119:Infinity":15,"s:118:4:118:Infinity":16,"s:121:2:121:Infinity":17,"s:125:15:132:Infinity":18,"f:125:15:125:Infinity":2,"s:126:2:132:Infinity":19,"s:135:21:139:Infinity":20,"f:135:21:135:22":3,"s:136:2:139:Infinity":21,"s:142:19:167:Infinity":22,"f:142:19:142:20":4,"s:143:15:143:Infinity":23,"s:145:2:165:Infinity":24,"b:159:14:159:Infinity:160:14:160:Infinity":4,"b:164:7:164:16:164:16:164:Infinity":5,"s:169:23:170:Infinity":25,"f:169:23:169:Infinity":5,"s:170:2:170:Infinity":26,"s:173:21:190:Infinity":27,"f:173:21:173:22":6,"s:174:2:190:Infinity":28,"b:178:8:178:Infinity:179:8:179:Infinity":6,"b:183:6:186:Infinity:188:6:188:Infinity":7,"s:193:18:199:Infinity":29,"f:193:18:193:Infinity":7,"s:194:2:199:Infinity":30,"f:203:24:203:33":8,"s:204:8:204:Infinity":31,"s:205:16:205:Infinity":32,"s:207:22:207:Infinity":33,"s:208:26:208:Infinity":34,"s:209:28:209:Infinity":35,"s:211:19:211:Infinity":36,"s:213:23:221:Infinity":37,"f:213:23:213:24":9,"s:214:28:214:Infinity":38,"s:215:4:215:Infinity":39,"f:215:12:215:13":10,"s:215:23:215:50":40,"b:218:4:220:Infinity:undefined:undefined:undefined:undefined":8,"s:218:4:220:Infinity":41,"s:219:6:219:Infinity":42,"f:219:16:219:17":11,"s:219:27:219:51":43,"s:223:23:275:Infinity":44,"f:223:23:223:30":12,"s:224:4:224:Infinity":45,"s:226:29:226:Infinity":46,"b:227:4:230:Infinity:undefined:undefined:undefined:undefined":9,"s:227:4:230:Infinity":47,"s:228:6:228:Infinity":48,"s:229:6:229:Infinity":49,"s:232:4:232:Infinity":50,"s:234:4:274:Infinity":51,"s:236:35:238:Infinity":52,"b:240:6:244:Infinity:undefined:undefined:undefined:undefined":10,"s:240:6:244:Infinity":53,"b:240:10:240:32:240:32:240:62":11,"s:241:8:241:Infinity":54,"s:242:8:242:Infinity":55,"s:243:8:243:Infinity":56,"s:247:23:252:Infinity":57,"b:254:6:268:Infinity:undefined:undefined:undefined:undefined":12,"s:254:6:268:Infinity":58,"b:254:10:254:30:254:30:254:48:254:48:254:63":13,"s:255:21:260:Infinity":59,"s:262:8:262:Infinity":60,"s:266:8:266:Infinity":61,"s:267:8:267:Infinity":62,"s:270:6:270:Infinity":63,"s:271:6:271:Infinity":64,"s:273:6:273:Infinity":65,"s:277:2:298:Infinity":66,"f:283:27:283:28":13,"s:284:12:290:Infinity":67}}}
,"C:\\Users\\akash\\desktop\\studentManagementSystem\\StudentManagement\\src\\context\\AuthContext.tsx": {"path":"C:\\Users\\akash\\desktop\\studentManagementSystem\\StudentManagement\\src\\context\\AuthContext.tsx","statementMap":{"0":{"start":{"line":37,"column":13},"end":{"line":37,"column":null}},"1":{"start":{"line":39,"column":21},"end":{"line":42,"column":null}},"2":{"start":{"line":40,"column":21},"end":{"line":40,"column":null}},"3":{"start":{"line":41,"column":2},"end":{"line":41,"column":null}},"4":{"start":{"line":44,"column":63},"end":{"line":172,"column":null}},"5":{"start":{"line":45,"column":22},"end":{"line":45,"column":null}},"6":{"start":{"line":46,"column":28},"end":{"line":46,"column":null}},"7":{"start":{"line":49,"column":8},"end":{"line":49,"column":null}},"8":{"start":{"line":51,"column":8},"end":{"line":65,"column":null}},"9":{"start":{"line":52,"column":4},"end":{"line":52,"column":null}},"10":{"start":{"line":55,"column":4},"end":{"line":55,"column":null}},"11":{"start":{"line":56,"column":4},"end":{"line":56,"column":null}},"12":{"start":{"line":57,"column":4},"end":{"line":57,"column":null}},"13":{"start":{"line":58,"column":4},"end":{"line":58,"column":null}},"14":{"start":{"line":61,"column":4},"end":{"line":64,"column":null}},"15":{"start":{"line":62,"column":6},"end":{"line":62,"column":null}},"16":{"start":{"line":63,"column":6},"end":{"line":63,"column":null}},"17":{"start":{"line":67,"column":8},"end":{"line":119,"column":null}},"18":{"start":{"line":68,"column":4},"end":{"line":118,"column":null}},"19":{"start":{"line":69,"column":6},"end":{"line":72,"column":null}},"20":{"start":{"line":70,"column":8},"end":{"line":70,"column":null}},"21":{"start":{"line":71,"column":8},"end":{"line":71,"column":null}},"22":{"start":{"line":74,"column":6},"end":{"line":76,"column":null}},"23":{"start":{"line":75,"column":8},"end":{"line":75,"column":null}},"24":{"start":{"line":79,"column":20},"end":{"line":79,"column":null}},"25":{"start":{"line":80,"column":6},"end":{"line":85,"column":null}},"26":{"start":{"line":81,"column":8},"end":{"line":81,"column":null}},"27":{"start":{"line":82,"column":8},"end":{"line":82,"column":null}},"28":{"start":{"line":84,"column":8},"end":{"line":84,"column":null}},"29":{"start":{"line":88,"column":12},"end":{"line":88,"column":null}},"30":{"start":{"line":91,"column":6},"end":{"line":93,"column":null}},"31":{"start":{"line":92,"column":8},"end":{"line":92,"column":null}},"32":{"start":{"line":96,"column":21},"end":{"line":96,"column":null}},"33":{"start":{"line":97,"column":20},"end":{"line":97,"column":null}},"34":{"start":{"line":98,"column":21},"end":{"line":98,"column":null}},"35":{"start":{"line":100,"column":6},"end":{"line":102,"column":null}},"36":{"start":{"line":101,"column":8},"end":{"line":101,"column":null}},"37":{"start":{"line":104,"column":29},"end":{"line":109,"column":null}},"38":{"start":{"line":111,"column":6},"end":{"line":111,"column":null}},"39":{"start":{"line":112,"column":6},"end":{"line":112,"column":null}},"40":{"start":{"line":113,"column":6},"end":{"line":113,"column":null}},"41":{"start":{"line":114,"colu
[...]
:460,"column":41},"end":{"line":550,"column":null}},"line":460},"28":{"name":"(anonymous_28)","decl":{"start":{"line":462,"column":27},"end":{"line":462,"column":33}},"loc":{"start":{"line":462,"column":33},"end":{"line":462,"column":58}},"line":462},"29":{"name":"(anonymous_29)","decl":{"start":{"line":470,"column":38},"end":{"line":470,"column":44}},"loc":{"start":{"line":470,"column":44},"end":{"line":470,"column":66}},"line":470},"30":{"name":"(anonymous_30)","decl":{"start":{"line":473,"column":4},"end":{"line":473,"column":11}},"loc":{"start":{"line":473,"column":65},"end":{"line":498,"column":null}},"line":473},"31":{"name":"(anonymous_31)","decl":{"start":{"line":511,"column":17},"end":{"line":511,"column":23}},"loc":{"start":{"line":511,"column":23},"end":{"line":511,"column":null}},"line":511},"32":{"name":"(anonymous_32)","decl":{"start":{"line":526,"column":17},"end":{"line":526,"column":23}},"loc":{"start":{"line":526,"column":23},"end":{"line":526,"column":null}},"line":526},"33":{"name":"(anonymous_33)","decl":{"start":{"line":539,"column":22},"end":{"line":539,"column":23}},"loc":{"start":{"line":540,"column":10},"end":{"line":545,"column":null}},"line":540}},"branchMap":{"0":{"loc":{"start":{"line":125,"column":2},"end":{"line":125,"column":null}},"type":"if","locations":[{"start":{"line":125,"column":2},"end":{"line":125,"column":null}},{"start":{},"end":{}}],"line":125},"1":{"loc":{"start":{"line":126,"column":9},"end":{"line":126,"column":null}},"type":"cond-expr","locations":[{"start":{"line":126,"column":34},"end":{"line":126,"column":39}},{"start":{"line":126,"column":39},"end":{"line":126,"column":null}}],"line":126},"2":{"loc":{"start":{"line":130,"column":9},"end":{"line":130,"column":null}},"type":"binary-expr","locations":[{"start":{"line":130,"column":9},"end":{"line":130,"column":32}},{"start":{"line":130,"column":32},"end":{"line":130,"column":null}}],"line":130},"3":{"loc":{"start":{"line":147,"column":4},"end":{"line":151,"column":null}},"type":"if","locations":[{"start":{"line":147,"column":4},"end":{"line":151,"column":null}},{"start":{},"end":{}}],"line":147},"4":{"loc":{"start":{"line":154,"column":4},"end":{"line":161,"column":null}},"type":"if","locations":[{"start":{"line":154,"column":4},"end":{"line":161,"column":null}},{"start":{},"end":{}}],"line":154},"5":{"loc":{"start":{"line":157,"column":6},"end":{"line":159,"column":null}},"type":"if","locations":[{"start":{"line":157,"column":6},"end":{"line":159,"column":null}},{"start":{},"end":{}}],"line":157},"6":{"loc":{"start":{"line":185,"column":17},"end":{"line":185,"column":null}},"type":"binary-expr","locations":[{"start":{"line":185,"column":17},"end":{"line":185,"column":45}},{"start":{"line":185,"column":45},"end":{"line":185,"column":null}}],"line":185},"7":{"loc":{"start":{"line":186,"column":20},"end":{"line":186,"column":null}},"type":"binary-expr","locations":[{"start":{"line":186,"column":20},"end":{"line":186,"column":51}},{"start":{"line":186,"column":51},"end":{"line":186,"column":null}}],"line":186},"8":{"loc":{"start":{"line":187,"column":18},"end":{"line":187,"column":null}},"type":"binary-expr","locations":[{"start":{"line":187,"column":18},"end":{"line":187,"column":47}},{"start":{"line":187,"column":47},"end":{"line":187,"column":null}}],"line":187},"9":{"loc":{"start":{"line":188,"column":21},"end":{"line":188,"column":null}},"type":"binary-expr","locations":[{"start":{"line":188,"column":21},"end":{"line":188,"column":53}},{"start":{"line":188,"column":53},"end":{"line":188,"column":null}}],"line":188},"10":{"loc":{"start":{"line":229,"column":35},"end":{"line":229,"column":62}},"type":"default-arg","locations":[{"start":{"line":229,"column":45},"end":{"line":229,"column":62}}],"line":229},"11":{"loc":{"start":{"line":252,"column":9},"end":{"line":252,"column":null}},"type":"binary-expr","locations":[{"start":{"line":252,"column":9},"end":{"line":252,"column":27}},{"start":{"line":252,"column":27},"end":{"line":252,"column":null}}],"line":252},"12":{"loc":{"start":{"line":253,"column":9},"end":{"line":256,"column":null}},"type":"binary-expr","locations":[{"start":{"line":253,"column":9},"end":{"line":253,"column":null}},{"start":{"line":254,"column":10},"end":{"line":256,"column":null}}],"line":253},"13":{"loc":{"start":{"line":269,"column":2},"end":{"line":269,"column":null}},"type":"if","locations":[{"start":{"line":269,"column":2},"end":{"line":269,"column":null}},{"start":{},"end":{}}],"line":269},"14":{"loc":{"start":{"line":295,"column":2},"end":{"line":295,"column":null}},"type":"if","locations":[{"start":{"line":295,"column":2},"end":{"line":295,"column":null}},{"start":{},"end":{}}],"line":295},"15":{"loc":{"start":{"line":296,"column":2},"end":{"line":296,"column":null}},"type":"if","locations":[{"start":{"line":296,"column":2},"end":{"line":296,"column":null}},{"start":{},"end":{}}],"line":296},"16":{"loc":{"start":{"line":301,"column":7},"end":{"line":301,"column":null}},"type":"binary-expr","locations":[{"start":{"line":301,"column":7},"end":{"line":301,"column":31}},{"start":{"line":301,"column":31},"end":{"line":301,"column":null}}],"line":301},"17":{"loc":{"start":{"line":302,"column":7},"end":{"line":302,"column":null}},"type":"binary-expr","locations":[{"start":{"line":302,"column":7},"end":{"line":302,"column":29}},{"start":{"line":302,"column":29},"end":{"line":302,"column":null}}],"line":302},"18":{"loc":{"start":{"line":328,"column":77},"end":{"line":328,"column":97}},"type":"binary-expr","locations":[{"start":{"line":328,"column":77},"end":{"line":328,"column":93}},{"start":{"line":328,"column":93},"end":{"line":328,"column":97}}],"line":328},"19":{"loc":{"start":{"line":372,"column":15},"end":{"line":372,"column":66}},"type":"cond-expr","locations":[{"start":{"line":372,"column":30},"end":{"line":372,"column":48}},{"start":{"line":372,"column":48},"end":{"line":372,"column":66}}],"line":372},"20":{"loc":{"start":{"line":439,"column":7},"end":{"line":452,"column":null}},"type":"cond-expr","locations":[{"start":{"line":440,"column":8},"end":{"line":450,"column":null}},{"start":{"line":452,"column":8},"end":{"line":452,"column":null}}],"line":439},"21":{"loc":{"start":{"line":439,"column":7},"end":{"line":439,"column":null}},"type":"binary-expr","locations":[{"start":{"line":439,"column":7},"end":{"line":439,"column":24}},{"start":{"line":439,"column":24},"end":{"line":439,"column":null}}],"line":439},"22":{"loc":{"start":{"line":470,"column":44},"end":{"line":470,"column":66}},"type":"binary-expr","locations":[{"start":{"line":470,"column":44},"end":{"line":470,"column":62}},{"start":{"line":470,"column":62},"end":{"line":470,"column":66}}],"line":470},"23":{"loc":{"start":{"line":483,"column":29},"end":{"line":483,"column":null}},"type":"cond-expr","locations":[{"start":{"line":483,"column":37},"end":{"line":483,"column":57}},{"start":{"line":483,"column":57},"end":{"line":483,"column":null}}],"line":483},"24":{"loc":{"start":{"line":502,"column":2},"end":{"line":504,"column":null}},"type":"if","locations":[{"start":{"line":502,"column":2},"end":{"line":504,"column":null}},{"start":{},"end":{}}],"line":502},"25":{"loc":{"start":{"line":506,"column":2},"end":{"line":515,"column":null}},"type":"if","locations":[{"start":{"line":506,"column":2},"end":{"line":515,"column":null}},{"start":{},"end":{}}],"line":506},"26":{"loc":{"start":{"line":512,"column":38},"end":{"line":512,"column":65}},"type":"binary-expr","locations":[{"start":{"line":512,"column":38},"end":{"line":512,"column":50}},{"start":{"line":512,"column":50},"end":{"line":512,"column":65}}],"line":512},"27":{"loc":{"start":{"line":517,"column":2},"end":{"line":519,"column":null}},"type":"if","locations":[{"start":{"line":517,"column":2},"end":{"line":519,"column":null}},{"start":{},"end":{}}],"line":517},"28":{"loc":{"start":{"line":521,"column":2},"end":{"line":530,"column":null}},"type":"if","locations":[{"start":{"line":521,"column":2},"end":{"line":530,"column":null}},{"start":{},"end":{}}],"line":521}},"s":{"0":1,"1":1,"2":1,"3":1,"4":1,"5":1,"6":1,"7":1,"8":1,"9":1,"10":1,"11":0,"12":1,"13":0,"14":1,"15":0,"16":1,"17":0,"18":0,"19":0,"20":0,"21":0,"22":0,"23":0,"24":0,"25":0,"26":0,"27":0,"28":0,"29":0,"30":0,"31":0,"32":0,"33":0,"34":1,"35":0,"36":0,"37":0,"38":0,"39":0,"40":0,"41":1,"42":0,"43":0,"44":0,"45":0,"46":1,"47":0,"48":0,"49":0,"50":0,"51":0,"52":0,"53":0,"54":0,"55":1,"56":0,"57":1,"58":0,"59":1,"60":1,"61":0,"62":1,"63":1,"64":1,"65":1,"66":1,"67":0,"68":0,"69":0,"70":1,"71":1,"72":0,"73":0,"74":0,"75":0,"76":0,"77":0,"78":0,"79":1,"80":1,"81":0,"82":0,"83":0,"84":1,"85":1,"86":0,"87":0,"88":0,"89":1,"90":1,"91":0,"92":0,"93":0,"94":1,"95":1,"96":0,"97":0,"98":0,"99":0,"100":0,"101":1,"102":1,"103":1,"104":1,"105":1,"106":1,"107":1,"108":1,"109":1,"110":0,"111":0,"112":0,"113":0,"114":0,"115":0,"116":0,"117":0,"118":0,"119":0,"120":0,"121":0,"122":1,"123":0,"124":1,"125":0,"126":0,"127":1,"128":1,"129":0,"130":0,"131":0,"132":0,"133":0},"f":{"0":1,"1":0,"2":0,"3":0,"4":0,"5":0,"6":0,"7":0,"8":0,"9":0,"10":0,"11":0,"12":0,"13":0,"14":1,"15":0,"16":0,"17":0,"18":0,"19":0,"20":0,"21":0,"22":0,"23":0,"24":0,"25":0,"26":0,"27":1,"28":1,"29":1,"30":0,"31":0,"32":0,"33":0},"b":{"0":[1,0],"1":[0,0],"2":[0,0],"3":[0,0],"4":[0,0],"5":[0,0],"6":[0,0],"7":[0,0],"8":[0,0],"9":[0,0],"10":[0],"11":[1,0],"12":[1,0],"13":[0,0],"14":[0,0],"15":[0,0],"16":[0,0],"17":[0,0],"18":[0,0],"19":[0,0],"20":[0,0],"21":[0,0],"22":[1,1],"23":[0,0],"24":[0,1],"25":[0,1],"26":[0,0],"27":[1,0],"28":[0,0]},"meta":{"lastBranch":29,"lastFunction":34,"lastStatement":134,"seen":{"s:73:21:73:Infinity":0,"s:74:28:74:Infinity":1,"s:76:45:84:Infinity":2,"s:86:28:86:Infinity":3,"s:88:22:95:Infinity":4,"s:97:17:108:Infinity":5,"s:110:22:113:Infinity":6,"s:115:15:121:Infinity":7,"s:124:22:127:Infinity":8,"f:124:22:124:23":0,"b:125:2:125:Infinity:undefined:undefined:undefined:undefined":0,"s:125:2:125:Infinity":9,"s:125:11:125:Infinity":10,"s:126:2:126:Infinity":11,"b:126:34:126:39:126:39:126:Infinity":1,"s:129:22:131:Infinity":12,"f:129:22:129:23":1,"s:130:2:130:Infinity":13,"b:130:9:130:32:130:32:130:Infinity":2,"s:133:28:135:Infinity":14,"f:133:28:133:29":2,"s:134:2:134:Infinity":15,"s:137:25:165:Infinity":16,"f:137:25:137:26":3,"s:138:42:138:Infinity":17,"s:139:22:139:Infinity":18,"s:140:49:140:Infinity":19,"s:141:58:141:Infinity":20,"s:143:2:162:Infinity":21,"f:143:16:143:17":4,"s:144:19:144:Infinity":22,"b:147:4:151:Infinity:undefined:undefined:undefined:undefined":3,"s:147:4:151:Infinity":23,"s:148:6:148:Infinity":24,"s:149:6:149:Infinity":25,"s:150:6:150:Infinity":26,"b:154:4:161:Infinity:undefined:undefined:undefined:undefined":4,"s:154:4:161:Infinity":27,"s:155:6:155:Infinity":28,"s:156:22:156:Infinity":29,"b:157:6:159:Infinity:undefined:undefined:undefined:undefined":5,"s:157:6:159:Infinity":30,"s:158:8:158:Infinity":31,"s:160:6:160:Infinity":32,"s:164:2:164:Infinity":33,"s:167:28:172:Infinity":34,"f:167:28:167:29":5,"s:168:16:168:Infinity":35,"f:168:29:168:30":6,"s:168:41:168:65":36,"s:169:14:169:Infinity":37,"f:169:27:169:28":7,"s:169:39:169:58":38,"s:170:21:170:Infinity":39,"s:171:2:171:Infinity":40,"s:174:29:202:Infinity":41,"f:174:29:174:30":8,"s:175:37:175:Infinity":42,"s:179:22:179:Infinity":43,"s:181:2:201:Infinity":44,"b:185:17:185:45:185:45:185:Infinity":6,"b:186:20:186:51:186:51:186:Infinity":7,"b:187:18:187:47:187:47:187:Infinity":8,"b:188:21:188:53:188:53:188:Infinity":9,"f:189:21:189:22":9,"s:189:29:196:6":45,"s:204:20:213:Infinity":46,"f:204:20:204:21":10,"s:205:14:205:Infinity":47,"s:206:15:206:Infinity":48,"s:207:2:207:Infinity":49,"s:208:2:208:Infinity":50,"s:209:2:209:Infinity":51,"s:210:2:210:Infinity":52,"s:211:2:211:Infinity":53,"s:212:2:212:Infinity":54,"s:215:25:217:Infinity":55,"f:215:25:215:26":11,"s:216:2:216:Infinity":56,"s:220:23:222:Infinity":57,"f:220:34:220:Infinity":12,"s:221:2:221:Infinity":58,"s:223:0:223:Infinity":59,"s:229:21:236:Infinity":60,"f:229:32:229:33":13,"s:230:2:235:Infinity":61,"b:229:45:229:62":10,"s:237:0:237:Infinity":62,"s:246:19:261:Infinity":63,"f:246:30:246:31":14,"s:247:2:260:Infinity":64,"b:252:9:252:27:252:27:252:Infinity":11,"b:253:9:253:Infinity:254:10:256:Infinity":12,"s:262:0:262:Infinity":65,"s:268:26:280:Infinity":66,"f:268:37:268:38":15,"b:269:2:269:Infinity:undefined:undefined:undefined:undefined":13,"s:269:2:269:Infinity":67,"s:269:21:269:Infinity":68,"s:271:2:278:Infinity":69,"s:281:0:281:Infinity":70,"s:287:19:305:Infinity":71,"f:287:30:287:31":16,"s:288:24:291:Infinity":72,"s:293:16:293:Infinity":73,"b:295:2:295:Infinity:undefined:undefined:undefined:undefined":14,"s:295:2:295:Infinity":74,"s:295:15:295:Infinity":75,"b:296:2:296:Infinity:undefined:undefined:undefined:undefined":15,"s:296:2:296:Infinity":76,"s:296:27:296:Infinity":77,"s:298:2:303:Infinity":78,"b:301:7:301:31:301:31:301:Infinity":16,"b:302:7:302:29:302:29:302:Infinity":17,"s:306:0:306:Infinity":79,"s:312:16:332:Infinity":80,"f:312:27:312:28":17,"s:313:21:313:Infinity":81,"s:314:21:314:Infinity":82,"s:316:2:330:Infinity":83,"b:328:77:328:93:328:93:328:97":18,"s:333:0:333:Infinity":84,"s:341:20:376:Infinity":85,"f:341:31:341:32":18,"s:342:33:342:Infinity":86,"f:342:45:342:51":19,"s:342:51:342:79":87,"s:344:2:374:Infinity":88,"b:372:30:372:48:372:48:372:66":19,"s:377:0:377:Infinity":89,"s:386:20:411:Infinity":90,"f:386:31:386:32":20,"s:387:2:410:Infinity":91,"f:394:31:394:32":21,"s:395:14:397:Infinity":92,"f:402:21:402:22":22,"s:403:12:403:Infinity":93,"s:412:0:412:Infinity":94,"s:420:20:456:Infinity":95,"f:420:31:420:32":23,"s:421:8:421:Infinity":96,"f:421:31:421:37":24,"s:421:37:421:70":97,"s:423:2:454:Infinity":98,"b:440:8:450:Infinity:452:8:452:Infinity":20,"b:439:7:439:24:439:24:439:Infinity":21,"f:441:44:441:45":25,"s:442:12:448:Infinity":99,"f:446:32:446:38":26,"s:446:38:446:Infinity":100,"s:457:0:457:Infinity":101,"f:460:24:460:41":27,"s:461:15:461:Infinity":102,"s:462:8:462:Infinity":103,"f:462:27:462:33":28,"s:462:33:462:58":104,"s:463:52:463:Infinity":105,"s:465:40:468:Infinity":106,"s:470:8:470:Infinity":107,"f:470:38:470:44":29,"s:470:44:470:66":108,"b:470:44:470:62:470:62:470:66":22,"s:472:8:500:Infinity":109,"f:473:4:473:11":30,"s:474:6:497:Infinity":110,"s:475:8:475:Infinity":111,"s:477:30:477:Infinity":112,"s:479:22:479:Infinity":113,"s:480:25:485:Infinity":114,"b:483:37:483:57:483:57:483:Infinity":23,"s:487:21:487:Infinity":115,"s:488:25:488:Infinity":116,"s:489:8:489:Infinity":117,"s:491:8:491:Infinity":118,"s:493:8:493:Infinity":119,"s:494:8:494:Infinity":120,"s:496:8:496:Infinity":121,"b:502:2:504:Infinity:undefined:undefined:undefined:undefined":24,"s:502:2:504:Infinity":122,"s:503:4:503:Infinity":123,"b:506:2:515:Infinity:undefined:undefined:undefined:undefined":25,"s:506:2:515:Infinity":124,"s:507:4:513:Infinity":125,"f:511:17:511:23":31,"s:511:23:511:Infinity":126,"b:512:38:512:50:512:50:512:65":26,"b:517:2:519:Infinity:undefined:undefined:undefined:undefined":27,"s:517:2:519:Infinity":127,"s:518:4:518:Infinity":128,"b:521:2:530:Infinity:undefined:undefined:undefined:undefined":28,"s:521:2:530:Infinity":129,"s:522:4:528:Infinity":130,"f:526:17:526:23":32,"s:526:23:526:Infinity":131,"s:532:2:548:Infinity":132,"f:539:22:539:23":33,"s:540:10:545:Infinity":133}}}
,"C:\\Users\\akash\\desktop\\studentManagementSystem\\StudentManagement\\src\\pages\\TeacherDashboard\\TeacherDashboard.tsx": {"path":"C:\\Users\\akash\\desktop\\studentManagementSystem\\StudentManagement\\src\\pages\\TeacherDashboard\\TeacherDashboard.tsx","statementMap":{"0":{"start":{"line":22,"column":28},"end":{"line":37,"column":null}},"1":{"start":{"line":39,"column":43},"end":{"line":43,"column":null}},"2":{"start":{"line":45,"column":15},"end":{"line":52,"column":null}},"3":{"start":{"line":59,"column":20},"end":{"line":71,"column":null}},"4":{"start":{"line":60,"column":15},"end":{"line":60,"column":null}},"5":{"start":{"line":62,"column":2},"end":{"line":69,"column":null}},"6":{"start":{"line":72,"column":0},"end":{"line":72,"column":null}},"7":{"start":{"line":78,"column":27},"end":{"line":83,"column":null}},"8":{"start":{"line":79,"column":2},"end":{"line":82,"column":null}},"9":{"start":{"line":84,"column":0},"end":{"line":84,"column":null}},"10":{"start":{"line":90,"column":24},"end":{"line":95,"column":null}},"11":{"start":{"line":91,"column":2},"end":{"line":94,"column":null}},"12":{"start":{"line":96,"column":0},"end":{"line":96,"column":null}},"13":{"start":{"line":98,"column":32},"end":{"line":107,"column":null}},"14":{"start":{"line":99,"column":2},"end":{"line":106,"column":null}},"15":{"start":{"line":103,"column":8},"end":{"line":103,"column":null}},"16":{"start":{"line":108,"column":0},"end":{"line":108,"column":null}},"17":{"start":{"line":111,"column":35},"end":{"line":131,"column":null}},"18":{"start":{"line":112,"column":15},"end":{"line":112,"column":null}},"19":{"start":{"line":114,"column":8},"end":{"line":114,"column":null}},"20":{"start":{"line":114,"column":33},"end":{"line":114,"column":56}},"21":{"start":{"line":116,"column":2},"end":{"line":129,"column":null}},"22":{"start":{"line":123,"column":12},"end":{"line":123,"column":null}}},"fnMap":{"0":{"name":"(anonymous_0)","decl":{"start":{"line":59,"column":31},"end":{"line":59,"column":32}},"loc":{"start":{"line":59,"column":66},"end":{"line":71,"column":1}},"line":59},"1":{"name":"(anonymous_1)","decl":{"start":{"line":78,"column":38},"end":{"line":78,"column":39}},"loc":{"start":{"line":79,"column":2},"end":{"line":82,"column":null}},"line":79},"2":{"name":"(anonymous_2)","decl":{"start":{"line":90,"column":35},"end":{"line":90,"column":36}},"loc":{"start":{"line":91,"column":2},"end":{"line":94,"column":null}},"line":91},"3":{"name":"(anonymous_3)","decl":{"start":{"line":98,"column":43},"end":{"line":98,"column":null}},"loc":{"start":{"line":99,"column":2},"end":{"line":106,"column":null}},"line":99},"4":{"name":"(anonymous_4)","decl":{"start":{"line":102,"column":28},"end":{"line":102,"column":29}},"loc":{"start":{"line":103,"column":8},"end":{"line":103,"column":null}},"line":103},"5":{"name":"(anonymous_5)","decl":{"start":{"line":111,"column":35},"end":{"line":111,"column":41}},"loc":{"start":{"line":111,"column":41},"end":{"line":131,"column":null}},"line":111},"6":{"name":"(anonymous_6)","decl":{"start":{"line":114,"column":27},"end":{"line":114,"column":33}},"loc":{"start":{"line":114,"column":33},"end":{"line":114,"column":56}},"line":114},"7":{"name":"(anonymous_7)","decl":{"start":{"line":122,"column":24},"end":{"line":122,"column":25}},"loc":{"start":{"line":123,"column":12},"end":{"line":123,"column":null}},"line":123}},"branchMap":{"0":{"loc":{"start":{"line":114,"column":33},"end":{"line":114,"column":56}},"type":"binary-expr","locations":[{"start":{"line":114,"column":33},"end":{"line":114,"column":47}},{"start":{"line":114,"column":47},"end":{"line":114,"column":56}}],"line":114}},"s":{"0":1,"1":1,"2":1,"3":1,"4":2,"5":2,"6":1,"7":1,"8":3,"9":1,"10":1,"11":1,"12":1,"13":1,"14":1,"15":3,"16":1,"17":1,"18":1,"19":1,"20":1,"21":1,"22":2},"f":{"0":2,"1":3,"2":1,"3":1,"4":3,"5":1,"6":1,"7":2},"b":{"0":[1,0]},"meta":{"lastBranch":1,"lastFunction":8,"lastStatement":23,"seen":{"s:22:28:37:Infinity":0,"s:39:43:43:Infinity":1,"s:45:15:52:Infinity":2,"s:59:20:71:Infinity":3,"f:59:31:59:32":0,"s:60:15:60:Infinity":4,"s:62:2:69:Infinity":5,"s:72:0:72:Infinity":6,"s:78:27:83:Infinity":7,"f:78:38:78:39":1,"s:79:2:82:Infinity":8,"s:84:0:84:Infinity":9,"s:90:24:95:Infinity":10,"f:90:35:90:36":2,"s:91:2:94:Infinity":11,"s:96:0:96:Infinity":12,"s:98:32:107:Infinity":13,"f:98:43:98:Infinity":3,"s:99:2:106:Infinity":14,"f:102:28:102:29":4,"s:103:8:103:Infinity":15,"s:108:0:108:Infinity":16,"s:111:35:131:Infinity":17,"f:111:35:111:41":5,"s:112:15:112:Infinity":18,"s:114:8:114:Infinity":19,"f:114:27:114:33":6,"s:114:33:114:56":20,"b:114:33:114:47:114:47:114:56":0,"s:116:2:129:Infinity":21,"f:122:24:122:25":7,"s:123:12:123:Infinity":22}}}
}
